SF:/Users/scheglov/Source/Dart/sdk.git/sdk/pkg/analyzer/lib/dart/ast/visitor.dart
DA:61,0
DA:62,0
DA:67,0
DA:68,0
DA:69,0
DA:70,0
DA:71,0
DA:75,0
DA:77,0
DA:103,0
DA:105,0
DA:107,0
DA:108,0
DA:132,1
DA:134,1
DA:135,1
DA:137,2
DA:139,1
DA:140,1
DA:142,1
DA:143,1
DA:145,1
DA:146,1
DA:148,1
DA:149,1
DA:151,1
DA:152,1
DA:154,1
DA:156,1
DA:158,1
DA:160,1
DA:162,0
DA:164,0
DA:166,0
DA:168,0
DA:170,1
DA:171,1
DA:173,1
DA:174,1
DA:176,1
DA:177,1
DA:179,1
DA:180,1
DA:182,1
DA:183,1
DA:185,1
DA:186,1
DA:188,1
DA:189,1
DA:191,1
DA:192,1
DA:194,0
DA:195,0
DA:197,1
DA:198,1
DA:200,1
DA:201,1
DA:203,1
DA:205,1
DA:207,2
DA:209,0
DA:210,0
DA:212,2
DA:214,2
DA:216,1
DA:217,1
DA:219,1
DA:220,1
DA:222,1
DA:223,1
DA:225,1
DA:226,1
DA:228,1
DA:230,1
DA:232,0
DA:233,0
DA:235,1
DA:236,1
DA:238,1
DA:240,1
DA:242,1
DA:244,1
DA:246,1
DA:247,1
DA:249,1
DA:250,1
DA:252,0
DA:254,0
DA:256,0
DA:257,0
DA:259,1
DA:260,1
DA:262,2
DA:264,2
DA:266,1
DA:267,1
DA:269,1
DA:271,1
DA:273,1
DA:275,1
DA:277,2
DA:279,0
DA:280,0
DA:282,0
DA:283,0
DA:285,1
DA:286,1
DA:288,1
DA:289,1
DA:291,0
DA:292,0
DA:294,0
DA:295,0
DA:297,1
DA:299,1
DA:301,1
DA:303,1
DA:305,1
DA:307,1
DA:309,2
DA:311,1
DA:313,1
DA:315,1
DA:316,1
DA:318,1
DA:319,1
DA:321,1
DA:323,1
DA:325,1
DA:326,1
DA:328,0
DA:329,0
DA:331,1
DA:333,1
DA:335,1
DA:336,1
DA:338,1
DA:340,1
DA:342,2
DA:344,1
DA:346,1
DA:348,0
DA:350,0
DA:352,1
DA:354,1
DA:356,1
DA:357,1
DA:359,2
DA:361,1
DA:362,1
DA:364,2
DA:366,1
DA:368,1
DA:370,1
DA:372,1
DA:374,0
DA:375,0
DA:377,1
DA:378,1
DA:380,2
DA:382,1
DA:384,2
DA:385,1
DA:387,1
DA:390,1
DA:392,1
DA:394,1
DA:395,1
DA:397,0
DA:399,0
DA:401,0
DA:402,0
DA:404,0
DA:405,0
DA:407,1
DA:409,1
DA:411,1
DA:413,1
DA:415,1
DA:416,1
DA:418,1
DA:419,1
DA:421,1
DA:422,1
DA:424,2
DA:426,1
DA:427,1
DA:429,1
DA:430,1
DA:432,1
DA:433,1
DA:435,0
DA:436,0
DA:438,1
DA:440,1
DA:442,1
DA:443,1
DA:445,1
DA:446,1
DA:448,1
DA:450,1
DA:452,1
DA:453,1
DA:455,2
DA:457,1
DA:459,1
DA:461,1
DA:463,1
DA:465,1
DA:466,1
DA:468,1
DA:469,1
DA:471,1
DA:472,1
DA:474,0
DA:475,0
DA:477,1
DA:478,1
DA:480,1
DA:481,1
DA:483,1
DA:484,1
DA:486,0
DA:487,0
DA:489,2
DA:491,0
DA:492,0
DA:494,1
DA:495,1
DA:497,1
DA:498,1
DA:500,0
DA:501,0
DA:503,0
DA:504,0
DA:506,1
DA:507,1
DA:509,1
DA:511,1
DA:513,1
DA:515,1
DA:517,1
DA:519,1
DA:522,1
DA:523,1
DA:525,1
DA:526,1
DA:528,1
DA:529,1
DA:531,1
DA:532,1
DA:534,0
DA:535,0
DA:537,1
DA:539,1
DA:541,1
DA:542,1
DA:546,1
DA:547,1
DA:549,0
DA:550,0
DA:552,0
DA:554,0
DA:556,1
DA:557,1
DA:559,1
DA:560,1
DA:562,1
DA:563,1
DA:565,1
DA:567,1
DA:569,0
DA:571,0
DA:573,1
DA:574,1
DA:576,1
DA:577,1
DA:579,1
DA:580,1
DA:582,1
DA:583,1
DA:585,1
DA:586,1
DA:588,0
DA:590,0
DA:592,0
DA:595,0
DA:597,1
DA:598,1
DA:600,1
DA:601,1
DA:603,1
DA:604,1
DA:606,1
DA:607,1
DA:609,1
DA:610,1
DA:612,1
DA:613,1
DA:615,1
DA:617,1
DA:619,1
DA:620,1
DA:622,0
DA:624,0
DA:626,0
DA:629,0
DA:631,1
DA:634,1
DA:636,1
DA:639,1
DA:641,0
DA:642,0
DA:644,1
DA:646,1
DA:648,1
DA:650,1
DA:652,0
DA:653,0
DA:655,1
DA:656,1
DA:658,1
DA:659,1
DA:661,0
DA:662,0
DA:664,1
DA:665,1
DA:667,1
DA:668,1
DA:670,1
DA:672,1
DA:674,0
DA:675,0
DA:677,1
DA:679,1
DA:681,1
DA:682,1
DA:684,1
DA:685,1
DA:687,2
DA:689,1
DA:691,1
DA:693,2
DA:695,1
DA:697,1
DA:699,1
DA:700,1
DA:702,1
DA:704,1
DA:706,0
DA:707,0
DA:709,1
DA:710,1
DA:712,1
DA:713,1
DA:715,1
DA:716,1
DA:718,2
DA:720,1
DA:721,1
DA:723,1
DA:724,1
DA:726,1
DA:727,1
DA:729,1
DA:730,1
DA:732,1
DA:733,1
DA:735,1
DA:737,1
DA:739,1
DA:740,1
DA:742,2
DA:744,2
DA:746,1
DA:747,1
DA:749,2
DA:751,0
DA:752,0
DA:754,1
DA:755,1
DA:757,1
DA:758,1
DA:760,2
DA:762,1
DA:764,1
DA:766,1
DA:768,1
DA:770,1
DA:772,1
DA:774,1
DA:775,1
DA:777,1
DA:778,1
DA:780,1
DA:781,1
DA:783,1
DA:784,1
DA:786,0
DA:787,0
DA:802,1
DA:804,1
DA:806,1
DA:810,1
DA:812,1
DA:816,1
DA:818,1
DA:822,1
DA:824,1
DA:828,1
DA:830,1
DA:834,1
DA:836,1
DA:840,1
DA:842,1
DA:846,1
DA:848,1
DA:852,0
DA:854,0
DA:858,0
DA:860,0
DA:864,1
DA:866,1
DA:870,1
DA:872,1
DA:876,1
DA:878,1
DA:882,1
DA:884,1
DA:888,1
DA:890,1
DA:894,1
DA:896,1
DA:900,1
DA:902,1
DA:906,1
DA:908,1
DA:912,0
DA:914,0
DA:918,1
DA:920,1
DA:924,1
DA:926,1
DA:930,1
DA:932,1
DA:936,0
DA:938,0
DA:942,1
DA:944,1
DA:948,1
DA:950,1
DA:954,1
DA:956,1
DA:960,1
DA:962,1
DA:966,0
DA:968,0
DA:972,1
DA:974,1
DA:978,0
DA:980,0
DA:984,1
DA:986,1
DA:990,1
DA:992,1
DA:996,0
DA:998,0
DA:1002,0
DA:1004,0
DA:1008,1
DA:1010,1
DA:1014,1
DA:1016,1
DA:1020,1
DA:1022,1
DA:1026,1
DA:1028,1
DA:1032,0
DA:1034,0
DA:1038,0
DA:1040,0
DA:1044,1
DA:1046,1
DA:1050,1
DA:1052,1
DA:1056,0
DA:1058,0
DA:1062,0
DA:1064,0
DA:1068,0
DA:1070,0
DA:1074,0
DA:1076,0
DA:1080,1
DA:1082,1
DA:1086,1
DA:1088,1
DA:1092,1
DA:1094,1
DA:1098,1
DA:1100,1
DA:1104,0
DA:1106,0
DA:1110,0
DA:1112,0
DA:1116,0
DA:1118,0
DA:1122,0
DA:1124,0
DA:1128,0
DA:1130,0
DA:1134,1
DA:1136,1
DA:1140,1
DA:1142,1
DA:1146,0
DA:1148,0
DA:1152,1
DA:1154,1
DA:1158,1
DA:1160,1
DA:1164,1
DA:1166,1
DA:1170,1
DA:1172,1
DA:1176,1
DA:1178,1
DA:1182,0
DA:1184,0
DA:1188,1
DA:1190,1
DA:1194,1
DA:1196,1
DA:1200,1
DA:1202,1
DA:1206,1
DA:1208,1
DA:1212,0
DA:1214,0
DA:1218,0
DA:1220,0
DA:1224,0
DA:1226,0
DA:1230,0
DA:1232,0
DA:1236,1
DA:1238,1
DA:1242,0
DA:1244,0
DA:1248,1
DA:1250,1
DA:1254,0
DA:1256,0
DA:1260,1
DA:1262,1
DA:1266,1
DA:1268,1
DA:1272,1
DA:1274,1
DA:1278,0
DA:1280,0
DA:1284,1
DA:1286,1
DA:1290,1
DA:1292,1
DA:1296,1
DA:1298,1
DA:1302,1
DA:1304,1
DA:1308,1
DA:1310,1
DA:1314,1
DA:1316,1
DA:1320,1
DA:1322,1
DA:1326,1
DA:1328,1
DA:1332,1
DA:1334,1
DA:1338,0
DA:1340,0
DA:1344,1
DA:1346,1
DA:1350,1
DA:1352,1
DA:1356,1
DA:1358,1
DA:1362,0
DA:1364,0
DA:1368,0
DA:1370,0
DA:1374,1
DA:1376,1
DA:1380,1
DA:1382,1
DA:1386,0
DA:1388,0
DA:1392,0
DA:1394,0
DA:1398,1
DA:1400,1
DA:1404,1
DA:1406,1
DA:1410,1
DA:1412,1
DA:1416,1
DA:1418,1
DA:1422,1
DA:1424,1
DA:1428,1
DA:1430,1
DA:1434,0
DA:1436,0
DA:1440,1
DA:1442,1
DA:1446,0
DA:1448,0
DA:1452,0
DA:1454,0
DA:1458,1
DA:1460,1
DA:1464,1
DA:1466,1
DA:1470,1
DA:1472,1
DA:1476,1
DA:1478,1
DA:1482,0
DA:1484,0
DA:1488,1
DA:1490,1
DA:1494,1
DA:1496,1
DA:1500,1
DA:1502,1
DA:1506,1
DA:1508,1
DA:1512,0
DA:1514,0
DA:1518,0
DA:1520,0
DA:1524,0
DA:1527,0
DA:1531,1
DA:1533,1
DA:1537,1
DA:1539,1
DA:1543,1
DA:1545,1
DA:1549,1
DA:1551,1
DA:1555,1
DA:1557,1
DA:1561,1
DA:1563,1
DA:1567,1
DA:1569,1
DA:1573,0
DA:1575,0
DA:1579,0
DA:1582,0
DA:1586,1
DA:1589,1
DA:1593,1
DA:1596,1
DA:1600,0
DA:1602,0
DA:1606,0
DA:1608,0
DA:1612,0
DA:1614,0
DA:1618,0
DA:1620,0
DA:1624,1
DA:1626,1
DA:1630,1
DA:1632,1
DA:1636,0
DA:1638,0
DA:1642,1
DA:1644,1
DA:1648,0
DA:1650,0
DA:1654,1
DA:1656,1
DA:1660,1
DA:1662,1
DA:1666,1
DA:1668,1
DA:1672,1
DA:1674,1
DA:1678,1
DA:1680,1
DA:1684,1
DA:1686,1
DA:1690,0
DA:1692,0
DA:1696,0
DA:1698,0
DA:1702,0
DA:1704,0
DA:1708,1
DA:1710,1
DA:1714,1
DA:1716,1
DA:1720,1
DA:1722,1
DA:1726,1
DA:1728,1
DA:1732,1
DA:1734,1
DA:1738,0
DA:1740,0
DA:1744,1
DA:1746,1
DA:1750,1
DA:1752,1
DA:1756,1
DA:1758,1
DA:1762,1
DA:1764,1
DA:1768,1
DA:1770,1
DA:1774,0
DA:1776,0
DA:1780,1
DA:1782,1
DA:1786,1
DA:1788,1
DA:1792,1
DA:1794,1
DA:1798,1
DA:1800,1
DA:1804,1
DA:1806,1
DA:1810,1
DA:1812,1
DA:1816,1
DA:1818,1
DA:1822,1
DA:1824,1
DA:1828,0
DA:1830,0
DA:1834,0
DA:1836,0
DA:1849,1
DA:1851,0
DA:1854,0
DA:1857,0
DA:1860,0
DA:1863,0
DA:1866,0
DA:1869,0
DA:1872,0
DA:1875,0
DA:1878,0
DA:1881,0
DA:1884,0
DA:1887,0
DA:1890,0
DA:1893,0
DA:1896,0
DA:1899,0
DA:1902,0
DA:1905,0
DA:1908,0
DA:1911,0
DA:1914,0
DA:1917,0
DA:1920,0
DA:1923,0
DA:1926,0
DA:1929,0
DA:1932,0
DA:1935,0
DA:1938,0
DA:1941,0
DA:1944,0
DA:1947,0
DA:1950,0
DA:1953,0
DA:1956,0
DA:1959,0
DA:1962,0
DA:1965,0
DA:1968,0
DA:1971,0
DA:1974,0
DA:1977,0
DA:1980,0
DA:1983,0
DA:1986,0
DA:1989,0
DA:1992,0
DA:1995,0
DA:1998,0
DA:2001,0
DA:2004,0
DA:2007,0
DA:2010,0
DA:2013,0
DA:2016,0
DA:2019,0
DA:2022,0
DA:2025,0
DA:2028,0
DA:2031,0
DA:2034,0
DA:2037,0
DA:2040,0
DA:2043,0
DA:2046,0
DA:2049,0
DA:2053,0
DA:2056,0
DA:2060,0
DA:2063,0
DA:2066,0
DA:2070,0
DA:2073,0
DA:2076,0
DA:2079,0
DA:2082,0
DA:2085,0
DA:2088,0
DA:2091,0
DA:2094,0
DA:2097,0
DA:2100,0
DA:2103,0
DA:2106,0
DA:2109,0
DA:2112,0
DA:2115,0
DA:2118,0
DA:2121,0
DA:2124,0
DA:2127,0
DA:2130,0
DA:2133,0
DA:2136,0
DA:2139,0
DA:2142,0
DA:2145,0
DA:2148,0
DA:2151,0
DA:2154,0
DA:2157,0
DA:2160,0
DA:2163,0
DA:2166,0
DA:2169,0
DA:2172,0
DA:2175,0
DA:2178,0
DA:2181,0
DA:2184,0
DA:2187,0
DA:2190,0
DA:2193,0
DA:2196,0
DA:2199,0
DA:2202,0
DA:2205,0
DA:2208,0
DA:2211,0
DA:2214,0
DA:2219,0
DA:2222,0
DA:2225,0
DA:2228,0
DA:2231,0
DA:2234,0
DA:2237,0
DA:2240,0
DA:2244,0
DA:2249,0
DA:2254,0
DA:2259,0
DA:2262,0
DA:2266,0
DA:2269,0
DA:2272,0
DA:2275,0
DA:2278,0
DA:2281,0
DA:2284,0
DA:2287,0
DA:2290,0
DA:2293,0
DA:2296,0
DA:2299,0
DA:2302,0
DA:2305,0
DA:2308,0
DA:2311,0
DA:2314,0
DA:2317,0
DA:2320,0
DA:2323,0
DA:2326,0
DA:2329,0
DA:2332,0
DA:2335,0
DA:2338,0
DA:2341,0
DA:2344,0
DA:2347,0
DA:2350,0
DA:2353,0
DA:2356,0
DA:2359,0
DA:2362,0
DA:2366,0
DA:2369,0
DA:2372,0
DA:2375,0
DA:2378,0
DA:2391,1
DA:2393,0
DA:2394,0
DA:2396,0
DA:2397,0
DA:2399,0
DA:2400,0
DA:2402,0
DA:2403,0
DA:2405,0
DA:2406,0
DA:2408,0
DA:2409,0
DA:2411,0
DA:2412,0
DA:2414,0
DA:2415,0
DA:2417,0
DA:2418,0
DA:2420,0
DA:2421,0
DA:2423,0
DA:2424,0
DA:2426,0
DA:2427,0
DA:2429,0
DA:2430,0
DA:2432,0
DA:2433,0
DA:2435,0
DA:2436,0
DA:2438,0
DA:2439,0
DA:2441,0
DA:2442,0
DA:2444,0
DA:2445,0
DA:2447,0
DA:2448,0
DA:2450,0
DA:2451,0
DA:2453,0
DA:2454,0
DA:2456,0
DA:2457,0
DA:2459,0
DA:2460,0
DA:2462,0
DA:2463,0
DA:2465,0
DA:2466,0
DA:2468,0
DA:2469,0
DA:2471,0
DA:2472,0
DA:2474,0
DA:2475,0
DA:2477,0
DA:2478,0
DA:2480,0
DA:2481,0
DA:2483,0
DA:2485,0
DA:2487,0
DA:2488,0
DA:2490,0
DA:2491,0
DA:2493,0
DA:2494,0
DA:2496,0
DA:2497,0
DA:2499,0
DA:2500,0
DA:2502,0
DA:2503,0
DA:2505,0
DA:2506,0
DA:2508,0
DA:2509,0
DA:2511,0
DA:2512,0
DA:2514,0
DA:2515,0
DA:2517,0
DA:2518,0
DA:2520,0
DA:2521,0
DA:2523,0
DA:2524,0
DA:2526,0
DA:2527,0
DA:2529,0
DA:2530,0
DA:2532,0
DA:2533,0
DA:2535,0
DA:2536,0
DA:2538,0
DA:2539,0
DA:2541,0
DA:2542,0
DA:2544,0
DA:2545,0
DA:2547,0
DA:2548,0
DA:2550,0
DA:2551,0
DA:2553,0
DA:2555,0
DA:2557,0
DA:2558,0
DA:2560,0
DA:2561,0
DA:2563,0
DA:2565,0
DA:2567,0
DA:2569,0
DA:2571,0
DA:2572,0
DA:2574,0
DA:2575,0
DA:2577,0
DA:2578,0
DA:2580,0
DA:2582,0
DA:2584,0
DA:2585,0
DA:2587,0
DA:2588,0
DA:2590,0
DA:2591,0
DA:2593,0
DA:2594,0
DA:2596,0
DA:2598,0
DA:2600,0
DA:2601,0
DA:2603,0
DA:2605,0
DA:2607,0
DA:2608,0
DA:2610,0
DA:2611,0
DA:2613,0
DA:2615,0
DA:2617,0
DA:2618,0
DA:2620,0
DA:2621,0
DA:2623,0
DA:2624,0
DA:2626,0
DA:2627,0
DA:2629,0
DA:2630,0
DA:2632,0
DA:2633,0
DA:2635,0
DA:2636,0
DA:2638,0
DA:2639,0
DA:2641,0
DA:2642,0
DA:2644,0
DA:2645,0
DA:2647,0
DA:2648,0
DA:2650,0
DA:2652,0
DA:2654,0
DA:2655,0
DA:2657,0
DA:2658,0
DA:2660,0
DA:2661,0
DA:2663,0
DA:2664,0
DA:2666,0
DA:2667,0
DA:2669,0
DA:2670,0
DA:2672,0
DA:2673,0
DA:2675,0
DA:2676,0
DA:2678,0
DA:2679,0
DA:2681,0
DA:2682,0
DA:2684,0
DA:2685,0
DA:2687,0
DA:2688,0
DA:2690,0
DA:2691,0
DA:2693,0
DA:2694,0
DA:2696,0
DA:2697,0
DA:2699,0
DA:2700,0
DA:2702,0
DA:2703,0
DA:2705,0
DA:2706,0
DA:2708,0
DA:2709,0
DA:2711,0
DA:2712,0
DA:2714,0
DA:2715,0
DA:2717,0
DA:2718,0
DA:2720,0
DA:2721,0
DA:2723,0
DA:2724,0
DA:2726,0
DA:2727,0
DA:2729,0
DA:2730,0
DA:2732,0
DA:2733,0
DA:2735,0
DA:2736,0
DA:2738,0
DA:2739,0
DA:2741,0
DA:2742,0
DA:2744,0
DA:2745,0
DA:2747,0
DA:2748,0
DA:2750,0
DA:2751,0
DA:2753,0
DA:2754,0
DA:2756,0
DA:2757,0
DA:2759,0
DA:2761,0
DA:2763,0
DA:2766,0
DA:2768,0
DA:2769,0
DA:2771,0
DA:2772,0
DA:2774,0
DA:2775,0
DA:2777,0
DA:2778,0
DA:2780,0
DA:2781,0
DA:2783,0
DA:2784,0
DA:2786,0
DA:2787,0
DA:2789,0
DA:2791,0
DA:2793,0
DA:2796,0
DA:2798,0
DA:2801,0
DA:2803,0
DA:2806,0
DA:2808,0
DA:2809,0
DA:2811,0
DA:2813,0
DA:2815,0
DA:2817,0
DA:2819,0
DA:2820,0
DA:2822,0
DA:2823,0
DA:2825,0
DA:2826,0
DA:2828,0
DA:2829,0
DA:2831,0
DA:2832,0
DA:2834,0
DA:2835,0
DA:2837,0
DA:2838,0
DA:2840,0
DA:2841,0
DA:2843,0
DA:2844,0
DA:2846,0
DA:2847,0
DA:2849,0
DA:2850,0
DA:2852,0
DA:2854,0
DA:2856,0
DA:2857,0
DA:2859,0
DA:2860,0
DA:2862,0
DA:2863,0
DA:2865,0
DA:2866,0
DA:2868,0
DA:2869,0
DA:2871,0
DA:2872,0
DA:2874,0
DA:2875,0
DA:2877,0
DA:2878,0
DA:2880,0
DA:2881,0
DA:2883,0
DA:2884,0
DA:2886,0
DA:2887,0
DA:2889,0
DA:2891,0
DA:2893,0
DA:2894,0
DA:2896,0
DA:2897,0
DA:2899,0
DA:2900,0
DA:2902,0
DA:2903,0
DA:2905,0
DA:2906,0
DA:2908,0
DA:2909,0
DA:2911,0
DA:2912,0
DA:2914,0
DA:2916,0
DA:2918,0
DA:2919,0
DA:2921,0
DA:2922,0
DA:2924,0
DA:2925,0
DA:2927,0
DA:2928,0
DA:2930,0
DA:2931,0
DA:2933,0
DA:2934,0
DA:2935,0
DA:2936,0
DA:2938,0
DA:2954,0
DA:2955,0
DA:2957,0
DA:2959,0
DA:2960,0
DA:2961,0
DA:2965,0
DA:2967,0
DA:2968,0
DA:2969,0
DA:2973,0
DA:2975,0
DA:2976,0
DA:2977,0
DA:2981,0
DA:2983,0
DA:2984,0
DA:2985,0
DA:2989,0
DA:2991,0
DA:2992,0
DA:2993,0
DA:2997,0
DA:2999,0
DA:3000,0
DA:3001,0
DA:3005,0
DA:3007,0
DA:3008,0
DA:3009,0
DA:3013,0
DA:3015,0
DA:3016,0
DA:3017,0
DA:3021,0
DA:3023,0
DA:3024,0
DA:3025,0
DA:3029,0
DA:3031,0
DA:3032,0
DA:3033,0
DA:3037,0
DA:3039,0
DA:3040,0
DA:3041,0
DA:3045,0
DA:3047,0
DA:3048,0
DA:3049,0
DA:3053,0
DA:3055,0
DA:3056,0
DA:3057,0
DA:3061,0
DA:3063,0
DA:3064,0
DA:3065,0
DA:3069,0
DA:3071,0
DA:3072,0
DA:3073,0
DA:3077,0
DA:3079,0
DA:3080,0
DA:3081,0
DA:3085,0
DA:3087,0
DA:3088,0
DA:3089,0
DA:3093,0
DA:3095,0
DA:3096,0
DA:3097,0
DA:3101,0
DA:3103,0
DA:3104,0
DA:3105,0
DA:3109,0
DA:3111,0
DA:3112,0
DA:3113,0
DA:3117,0
DA:3119,0
DA:3120,0
DA:3121,0
DA:3125,0
DA:3127,0
DA:3128,0
DA:3129,0
DA:3133,0
DA:3135,0
DA:3136,0
DA:3137,0
DA:3141,0
DA:3143,0
DA:3144,0
DA:3145,0
DA:3149,0
DA:3151,0
DA:3152,0
DA:3153,0
DA:3157,0
DA:3159,0
DA:3160,0
DA:3161,0
DA:3165,0
DA:3167,0
DA:3168,0
DA:3169,0
DA:3173,0
DA:3175,0
DA:3176,0
DA:3177,0
DA:3181,0
DA:3183,0
DA:3184,0
DA:3185,0
DA:3189,0
DA:3191,0
DA:3192,0
DA:3193,0
DA:3197,0
DA:3199,0
DA:3200,0
DA:3201,0
DA:3205,0
DA:3207,0
DA:3208,0
DA:3209,0
DA:3213,0
DA:3215,0
DA:3216,0
DA:3217,0
DA:3221,0
DA:3223,0
DA:3224,0
DA:3225,0
DA:3229,0
DA:3231,0
DA:3232,0
DA:3233,0
DA:3237,0
DA:3239,0
DA:3240,0
DA:3241,0
DA:3245,0
DA:3247,0
DA:3248,0
DA:3249,0
DA:3253,0
DA:3255,0
DA:3256,0
DA:3257,0
DA:3261,0
DA:3263,0
DA:3264,0
DA:3265,0
DA:3269,0
DA:3271,0
DA:3272,0
DA:3273,0
DA:3277,0
DA:3279,0
DA:3280,0
DA:3281,0
DA:3285,0
DA:3287,0
DA:3288,0
DA:3289,0
DA:3293,0
DA:3295,0
DA:3296,0
DA:3297,0
DA:3301,0
DA:3303,0
DA:3304,0
DA:3305,0
DA:3309,0
DA:3311,0
DA:3312,0
DA:3313,0
DA:3317,0
DA:3319,0
DA:3320,0
DA:3321,0
DA:3325,0
DA:3327,0
DA:3328,0
DA:3329,0
DA:3333,0
DA:3335,0
DA:3336,0
DA:3337,0
DA:3341,0
DA:3343,0
DA:3344,0
DA:3345,0
DA:3349,0
DA:3351,0
DA:3352,0
DA:3353,0
DA:3357,0
DA:3359,0
DA:3360,0
DA:3361,0
DA:3365,0
DA:3367,0
DA:3368,0
DA:3369,0
DA:3373,0
DA:3375,0
DA:3376,0
DA:3377,0
DA:3381,0
DA:3383,0
DA:3384,0
DA:3385,0
DA:3389,0
DA:3391,0
DA:3392,0
DA:3393,0
DA:3397,0
DA:3399,0
DA:3400,0
DA:3401,0
DA:3405,0
DA:3407,0
DA:3408,0
DA:3409,0
DA:3413,0
DA:3415,0
DA:3416,0
DA:3417,0
DA:3421,0
DA:3423,0
DA:3424,0
DA:3425,0
DA:3429,0
DA:3431,0
DA:3432,0
DA:3433,0
DA:3437,0
DA:3439,0
DA:3440,0
DA:3441,0
DA:3445,0
DA:3447,0
DA:3448,0
DA:3449,0
DA:3453,0
DA:3455,0
DA:3456,0
DA:3457,0
DA:3461,0
DA:3463,0
DA:3464,0
DA:3465,0
DA:3469,0
DA:3471,0
DA:3472,0
DA:3473,0
DA:3477,0
DA:3479,0
DA:3480,0
DA:3481,0
DA:3485,0
DA:3487,0
DA:3488,0
DA:3489,0
DA:3493,0
DA:3495,0
DA:3496,0
DA:3497,0
DA:3501,0
DA:3503,0
DA:3504,0
DA:3505,0
DA:3509,0
DA:3511,0
DA:3512,0
DA:3513,0
DA:3517,0
DA:3519,0
DA:3520,0
DA:3521,0
DA:3525,0
DA:3527,0
DA:3528,0
DA:3529,0
DA:3533,0
DA:3535,0
DA:3536,0
DA:3537,0
DA:3541,0
DA:3543,0
DA:3544,0
DA:3545,0
DA:3549,0
DA:3551,0
DA:3552,0
DA:3553,0
DA:3557,0
DA:3559,0
DA:3560,0
DA:3561,0
DA:3565,0
DA:3567,0
DA:3568,0
DA:3569,0
DA:3573,0
DA:3575,0
DA:3576,0
DA:3577,0
DA:3581,0
DA:3583,0
DA:3584,0
DA:3585,0
DA:3589,0
DA:3591,0
DA:3592,0
DA:3593,0
DA:3597,0
DA:3599,0
DA:3600,0
DA:3601,0
DA:3605,0
DA:3607,0
DA:3608,0
DA:3609,0
DA:3613,0
DA:3615,0
DA:3616,0
DA:3617,0
DA:3621,0
DA:3623,0
DA:3624,0
DA:3625,0
DA:3629,0
DA:3631,0
DA:3632,0
DA:3633,0
DA:3637,0
DA:3639,0
DA:3640,0
DA:3641,0
DA:3645,0
DA:3647,0
DA:3648,0
DA:3649,0
DA:3653,0
DA:3655,0
DA:3656,0
DA:3657,0
DA:3661,0
DA:3663,0
DA:3664,0
DA:3665,0
DA:3669,0
DA:3671,0
DA:3672,0
DA:3673,0
DA:3677,0
DA:3679,0
DA:3680,0
DA:3681,0
DA:3685,0
DA:3687,0
DA:3688,0
DA:3689,0
DA:3693,0
DA:3695,0
DA:3696,0
DA:3697,0
DA:3701,0
DA:3703,0
DA:3704,0
DA:3705,0
DA:3709,0
DA:3711,0
DA:3712,0
DA:3713,0
DA:3717,0
DA:3719,0
DA:3720,0
DA:3721,0
DA:3725,0
DA:3727,0
DA:3728,0
DA:3729,0
DA:3733,0
DA:3735,0
DA:3736,0
DA:3737,0
DA:3741,0
DA:3743,0
DA:3744,0
DA:3745,0
DA:3749,0
DA:3751,0
DA:3752,0
DA:3753,0
DA:3757,0
DA:3759,0
DA:3760,0
DA:3761,0
DA:3765,0
DA:3767,0
DA:3768,0
DA:3769,0
DA:3773,0
DA:3775,0
DA:3776,0
DA:3777,0
DA:3781,0
DA:3783,0
DA:3784,0
DA:3785,0
DA:3789,0
DA:3791,0
DA:3792,0
DA:3793,0
DA:3797,0
DA:3799,0
DA:3800,0
DA:3801,0
DA:3805,0
DA:3807,0
DA:3808,0
DA:3809,0
DA:3813,0
DA:3815,0
DA:3816,0
DA:3817,0
DA:3821,0
DA:3823,0
DA:3824,0
DA:3825,0
DA:3829,0
DA:3831,0
DA:3832,0
DA:3833,0
DA:3837,0
DA:3839,0
DA:3840,0
DA:3841,0
DA:3845,0
DA:3847,0
DA:3848,0
DA:3849,0
DA:3853,0
DA:3855,0
DA:3856,0
DA:3857,0
DA:3861,0
DA:3863,0
DA:3864,0
DA:3865,0
DA:3869,0
DA:3871,0
DA:3872,0
DA:3873,0
DA:3877,0
DA:3879,0
DA:3880,0
DA:3881,0
DA:3885,0
DA:3887,0
DA:3888,0
DA:3889,0
DA:3893,0
DA:3895,0
DA:3896,0
DA:3897,0
DA:3901,0
DA:3903,0
DA:3904,0
DA:3905,0
DA:3909,0
DA:3911,0
DA:3912,0
DA:3913,0
DA:3917,0
DA:3920,0
DA:3921,0
DA:3922,0
DA:3926,0
DA:3928,0
DA:3929,0
DA:3930,0
DA:3934,0
DA:3936,0
DA:3937,0
DA:3938,0
DA:3942,0
DA:3944,0
DA:3945,0
DA:3946,0
DA:3950,0
DA:3952,0
DA:3953,0
DA:3954,0
DA:3958,0
DA:3960,0
DA:3961,0
DA:3962,0
DA:3966,0
DA:3968,0
DA:3969,0
DA:3970,0
DA:3974,0
DA:3976,0
DA:3977,0
DA:3978,0
DA:3982,0
DA:3984,0
DA:3985,0
DA:3986,0
DA:3990,0
DA:3993,0
DA:3994,0
DA:3995,0
DA:3999,0
DA:4002,0
DA:4003,0
DA:4004,0
DA:4008,0
DA:4011,0
DA:4012,0
DA:4013,0
DA:4017,0
DA:4019,0
DA:4020,0
DA:4021,0
DA:4025,0
DA:4027,0
DA:4028,0
DA:4029,0
DA:4033,0
DA:4035,0
DA:4036,0
DA:4037,0
DA:4041,0
DA:4043,0
DA:4044,0
DA:4045,0
DA:4049,0
DA:4051,0
DA:4052,0
DA:4053,0
DA:4057,0
DA:4059,0
DA:4060,0
DA:4061,0
DA:4065,0
DA:4067,0
DA:4068,0
DA:4069,0
DA:4073,0
DA:4075,0
DA:4076,0
DA:4077,0
DA:4081,0
DA:4083,0
DA:4084,0
DA:4085,0
DA:4089,0
DA:4091,0
DA:4092,0
DA:4093,0
DA:4097,0
DA:4099,0
DA:4100,0
DA:4101,0
DA:4105,0
DA:4107,0
DA:4108,0
DA:4109,0
DA:4113,0
DA:4115,0
DA:4116,0
DA:4117,0
DA:4121,0
DA:4123,0
DA:4124,0
DA:4125,0
DA:4129,0
DA:4131,0
DA:4132,0
DA:4133,0
DA:4137,0
DA:4139,0
DA:4140,0
DA:4141,0
DA:4145,0
DA:4147,0
DA:4148,0
DA:4149,0
DA:4153,0
DA:4155,0
DA:4156,0
DA:4157,0
DA:4161,0
DA:4163,0
DA:4164,0
DA:4165,0
DA:4169,0
DA:4171,0
DA:4172,0
DA:4173,0
DA:4177,0
DA:4179,0
DA:4180,0
DA:4181,0
DA:4185,0
DA:4187,0
DA:4188,0
DA:4189,0
DA:4193,0
DA:4195,0
DA:4196,0
DA:4197,0
DA:4201,0
DA:4203,0
DA:4204,0
DA:4205,0
DA:4209,0
DA:4211,0
DA:4212,0
DA:4213,0
DA:4217,0
DA:4219,0
DA:4220,0
DA:4221,0
DA:4225,0
DA:4227,0
DA:4228,0
DA:4229,0
DA:4233,0
DA:4235,0
DA:4236,0
DA:4237,0
DA:4241,0
DA:4243,0
DA:4244,0
DA:4245,0
DA:4249,0
DA:4251,0
DA:4252,0
DA:4253,0
DA:4257,0
DA:4259,0
DA:4260,0
DA:4261,0
DA:4265,0
DA:4267,0
DA:4268,0
DA:4269,0
DA:4273,0
DA:4275,0
DA:4276,0
DA:4277,0
DA:4281,0
DA:4283,0
DA:4284,0
DA:4285,0
DA:4289,0
DA:4291,0
DA:4292,0
DA:4293,0
DA:4297,0
DA:4299,0
DA:4300,0
DA:4301,0
DA:4305,0
DA:4307,0
DA:4308,0
DA:4309,0
DA:4313,0
DA:4315,0
DA:4316,0
DA:4317,0
DA:4321,0
DA:4323,0
DA:4324,0
DA:4325,0
DA:4329,0
DA:4331,0
DA:4332,0
DA:4333,0
DA:4351,1
DA:4353,0
DA:4354,0
DA:4356,1
DA:4357,1
DA:4359,1
DA:4360,1
DA:4362,0
DA:4363,0
DA:4365,0
DA:4366,0
DA:4368,0
DA:4369,0
DA:4371,0
DA:4373,0
DA:4375,0
DA:4376,0
DA:4378,0
DA:4379,0
DA:4381,0
DA:4382,0
DA:4384,0
DA:4385,0
DA:4387,1
DA:4388,1
DA:4390,1
DA:4391,1
DA:4393,1
DA:4394,1
DA:4396,1
DA:4397,1
DA:4399,0
DA:4400,0
DA:4402,0
DA:4403,0
DA:4405,0
DA:4406,0
DA:4408,0
DA:4409,0
DA:4411,0
DA:4412,0
DA:4414,0
DA:4415,0
DA:4417,0
DA:4418,0
DA:4420,0
DA:4421,0
DA:4423,0
DA:4424,0
DA:4426,0
DA:4427,0
DA:4429,1
DA:4430,1
DA:4432,0
DA:4433,0
DA:4435,0
DA:4436,0
DA:4438,0
DA:4439,0
DA:4441,0
DA:4443,0
DA:4445,1
DA:4447,1
DA:4449,1
DA:4450,1
DA:4452,0
DA:4453,0
DA:4455,0
DA:4456,0
DA:4458,0
DA:4459,0
DA:4461,0
DA:4462,0
DA:4464,0
DA:4466,0
DA:4468,0
DA:4470,0
DA:4472,0
DA:4473,0
DA:4475,0
DA:4476,0
DA:4478,1
DA:4479,1
DA:4481,0
DA:4482,0
DA:4484,0
DA:4485,0
DA:4487,0
DA:4488,0
DA:4490,0
DA:4492,0
DA:4494,0
DA:4495,0
DA:4497,1
DA:4498,1
DA:4500,0
DA:4502,0
DA:4504,1
DA:4505,1
DA:4507,1
DA:4508,1
DA:4510,0
DA:4511,0
DA:4513,0
DA:4514,0
DA:4516,0
DA:4517,0
DA:4519,0
DA:4521,0
DA:4523,0
DA:4524,0
DA:4526,0
DA:4527,0
DA:4529,0
DA:4531,0
DA:4533,0
DA:4535,0
DA:4537,0
DA:4539,0
DA:4541,0
DA:4542,0
DA:4544,1
DA:4545,1
DA:4547,0
DA:4549,0
DA:4551,0
DA:4553,0
DA:4555,0
DA:4556,0
DA:4558,0
DA:4559,0
DA:4561,0
DA:4562,0
DA:4564,0
DA:4566,0
DA:4568,1
DA:4569,1
DA:4571,0
DA:4573,0
DA:4575,0
DA:4576,0
DA:4578,0
DA:4579,0
DA:4581,0
DA:4583,0
DA:4585,0
DA:4586,0
DA:4588,0
DA:4589,0
DA:4591,0
DA:4592,0
DA:4594,0
DA:4595,0
DA:4597,0
DA:4598,0
DA:4600,0
DA:4601,0
DA:4603,0
DA:4604,0
DA:4606,0
DA:4607,0
DA:4609,1
DA:4610,1
DA:4612,0
DA:4613,0
DA:4615,0
DA:4616,0
DA:4618,1
DA:4620,1
DA:4622,1
DA:4623,1
DA:4625,0
DA:4627,0
DA:4629,0
DA:4630,0
DA:4632,0
DA:4633,0
DA:4635,1
DA:4636,1
DA:4638,0
DA:4639,0
DA:4641,0
DA:4642,0
DA:4644,0
DA:4645,0
DA:4647,1
DA:4648,1
DA:4650,0
DA:4651,0
DA:4653,0
DA:4654,0
DA:4656,0
DA:4657,0
DA:4659,0
DA:4660,0
DA:4662,0
DA:4663,0
DA:4665,0
DA:4666,0
DA:4668,0
DA:4669,0
DA:4671,0
DA:4672,0
DA:4674,0
DA:4675,0
DA:4677,0
DA:4678,0
DA:4680,1
DA:4681,1
DA:4683,0
DA:4684,0
DA:4686,0
DA:4687,0
DA:4689,0
DA:4690,0
DA:4692,1
DA:4693,1
DA:4697,0
DA:4698,0
DA:4700,0
DA:4701,0
DA:4703,0
DA:4704,0
DA:4706,0
DA:4707,0
DA:4709,0
DA:4710,0
DA:4712,0
DA:4714,0
DA:4716,0
DA:4717,0
DA:4719,1
DA:4720,1
DA:4722,1
DA:4723,1
DA:4725,0
DA:4726,0
DA:4728,0
DA:4729,0
DA:4731,0
DA:4732,0
DA:4734,0
DA:4736,0
DA:4738,0
DA:4741,0
DA:4743,0
DA:4744,0
DA:4746,0
DA:4747,0
DA:4749,1
DA:4750,1
DA:4752,0
DA:4753,0
DA:4755,0
DA:4756,0
DA:4758,0
DA:4759,0
DA:4761,0
DA:4762,0
DA:4764,0
DA:4766,0
DA:4768,0
DA:4771,0
DA:4773,0
DA:4776,0
DA:4778,1
DA:4781,1
DA:4783,0
DA:4784,0
DA:4786,0
DA:4788,0
DA:4790,0
DA:4792,0
DA:4794,0
DA:4795,0
DA:4797,0
DA:4798,0
DA:4800,0
DA:4801,0
DA:4803,0
DA:4804,0
DA:4806,0
DA:4807,0
DA:4809,0
DA:4810,0
DA:4812,1
DA:4813,1
DA:4815,1
DA:4816,1
DA:4818,1
DA:4819,1
DA:4821,0
DA:4822,0
DA:4824,0
DA:4825,0
DA:4827,1
DA:4829,1
DA:4831,0
DA:4832,0
DA:4834,0
DA:4835,0
DA:4837,0
DA:4838,0
DA:4840,0
DA:4841,0
DA:4843,0
DA:4844,0
DA:4846,0
DA:4847,0
DA:4849,0
DA:4850,0
DA:4852,0
DA:4853,0
DA:4855,0
DA:4856,0
DA:4858,0
DA:4859,0
DA:4861,0
DA:4862,0
DA:4864,1
DA:4866,1
DA:4868,0
DA:4869,0
DA:4871,1
DA:4872,1
DA:4874,0
DA:4875,0
DA:4877,0
DA:4878,0
DA:4880,0
DA:4881,0
DA:4883,1
DA:4884,1
DA:4886,1
DA:4888,1
DA:4890,0
DA:4892,0
DA:4894,0
DA:4895,0
DA:4897,0
DA:4898,0
DA:4900,0
DA:4901,0
DA:4903,0
DA:4904,0
DA:4906,0
DA:4907,0
DA:4917,0
DA:4919,0
DA:4921,0
LF:2308
LH:617
end_of_record
SF:/Users/scheglov/Source/Dart/sdk.git/sdk/pkg/analyzer/lib/error/error.dart
DA:21,2
DA:22,1
DA:26,1
DA:27,2
DA:32,1
DA:33,1
DA:34,2
DA:35,1
DA:42,1
DA:72,1
DA:83,2
DA:84,2
DA:97,1
DA:114,3
DA:115,2
DA:117,2
DA:119,2
DA:120,2
DA:128,1
DA:129,1
DA:134,2
DA:136,0
DA:137,0
DA:139,1
DA:141,1
DA:142,3
DA:143,3
DA:149,3
DA:153,3
DA:157,3
DA:159,0
DA:160,0
DA:162,0
DA:164,0
DA:165,0
DA:167,0
DA:169,0
DA:172,0
DA:176,0
DA:182,0
DA:184,0
DA:187,0
DA:191,0
DA:194,0
DA:203,0
DA:205,0
DA:206,0
DA:207,0
DA:208,0
DA:209,0
DA:210,0
DA:211,0
DA:213,0
DA:214,0
LF:54
LH:28
end_of_record
SF:/Users/scheglov/Source/Dart/sdk.git/sdk/pkg/analyzer/lib/file_system/file_system.dart
DA:66,1
DA:68,0
DA:69,0
DA:139,0
DA:141,0
DA:142,0
DA:256,0
DA:267,0
DA:272,1
DA:276,1
DA:279,1
LF:11
LH:4
end_of_record
SF:/Users/scheglov/Source/Dart/sdk.git/sdk/pkg/analyzer/lib/src/dart/analysis/analysis_context_collection.dart
DA:44,1
DA:71,0
DA:72,0
DA:74,1
DA:77,1
DA:79,0
DA:81,1
DA:85,1
DA:87,1
DA:88,1
DA:90,1
DA:93,1
DA:95,1
DA:96,1
DA:98,1
DA:104,1
DA:105,1
DA:107,2
DA:108,1
DA:109,1
DA:113,1
DA:124,1
DA:127,1
DA:130,2
DA:137,0
DA:138,0
DA:139,0
DA:140,0
DA:141,0
DA:148,1
DA:150,1
DA:152,2
DA:153,2
DA:158,0
DA:161,1
DA:165,2
DA:166,2
DA:168,2
DA:171,0
DA:176,1
DA:177,2
DA:178,1
DA:184,1
DA:185,2
DA:186,3
DA:187,0
DA:188,0
LF:47
LH:35
end_of_record
SF:/Users/scheglov/Source/Dart/sdk.git/sdk/pkg/analyzer/lib/src/dart/analysis/driver.dart
DA:277,1
DA:304,1
DA:305,0
DA:307,1
DA:312,0
DA:313,1
DA:319,0
DA:320,1
DA:322,1
DA:323,1
DA:326,0
DA:328,2
DA:329,2
DA:331,3
DA:333,1
DA:334,2
DA:335,2
DA:339,3
DA:342,1
DA:343,5
DA:347,0
DA:348,0
DA:351,1
DA:352,3
DA:356,0
DA:357,0
DA:361,0
DA:365,0
DA:367,0
DA:368,0
DA:369,0
DA:374,0
DA:377,0
DA:379,3
DA:384,3
DA:387,1
DA:388,2
DA:389,2
DA:390,1
DA:391,1
DA:392,1
DA:393,2
DA:394,1
DA:395,1
DA:396,1
DA:397,1
DA:398,1
DA:399,3
DA:400,1
DA:401,1
DA:406,5
DA:409,0
DA:411,0
DA:414,0
DA:416,0
DA:421,3
DA:430,1
DA:431,2
DA:432,1
DA:433,2
DA:434,3
DA:435,2
DA:436,2
DA:437,2
DA:441,1
DA:442,5
DA:446,2
DA:448,2
DA:451,0
DA:455,2
DA:458,1
DA:459,2
DA:462,2
DA:465,2
DA:468,2
DA:471,2
DA:474,2
DA:477,2
DA:480,2
DA:483,2
DA:486,2
DA:487,2
DA:488,2
DA:493,2
DA:496,2
DA:499,2
DA:502,2
DA:505,2
DA:508,2
DA:511,2
DA:518,1
DA:519,1
DA:520,2
DA:521,2
DA:522,2
DA:523,2
DA:524,2
DA:525,2
DA:526,2
DA:527,2
DA:528,2
DA:529,2
DA:538,1
DA:539,1
DA:540,2
DA:543,3
DA:544,2
DA:545,2
DA:546,2
DA:547,1
DA:549,2
DA:554,1
DA:555,2
DA:558,1
DA:559,3
DA:571,1
DA:572,2
DA:573,1
DA:574,1
DA:575,2
DA:576,1
DA:578,0
DA:586,0
DA:590,0
DA:592,0
DA:593,0
DA:595,0
DA:597,0
DA:598,0
DA:599,0
DA:600,0
DA:601,0
DA:602,0
DA:604,0
DA:606,0
DA:607,0
DA:608,0
DA:613,0
DA:615,0
DA:616,0
DA:637,1
DA:638,1
DA:639,2
DA:642,3
DA:643,2
DA:644,2
DA:645,2
DA:646,1
DA:648,2
DA:653,1
DA:654,2
DA:662,1
DA:663,2
DA:664,1
DA:669,1
DA:670,1
DA:673,1
DA:676,2
DA:677,2
DA:681,2
DA:682,2
DA:683,2
DA:684,1
DA:685,2
DA:689,1
DA:691,2
DA:692,2
DA:693,1
DA:694,1
DA:695,1
DA:696,2
DA:698,1
DA:699,1
DA:706,2
DA:707,2
DA:708,2
DA:709,1
DA:715,1
DA:716,1
DA:717,1
DA:718,2
DA:721,2
DA:722,0
DA:723,0
DA:726,2
DA:728,2
DA:729,0
DA:730,0
DA:733,2
DA:735,2
DA:736,0
DA:737,0
DA:740,2
DA:742,2
DA:743,0
DA:744,0
DA:747,2
DA:749,1
DA:750,0
DA:752,2
DA:754,2
DA:755,1
DA:760,0
DA:762,0
DA:771,1
DA:772,1
DA:773,2
DA:777,1
DA:778,3
DA:788,1
DA:789,1
DA:790,1
DA:791,1
DA:795,2
DA:796,0
DA:797,0
DA:801,1
DA:802,0
DA:803,0
DA:808,2
DA:809,1
DA:810,3
DA:814,1
DA:815,2
DA:816,2
DA:817,1
DA:821,1
DA:822,1
DA:823,1
DA:824,2
DA:825,2
DA:826,2
DA:830,1
DA:831,1
DA:832,1
DA:833,2
DA:834,2
DA:835,2
DA:841,1
DA:842,1
DA:843,1
DA:846,2
DA:847,1
DA:848,1
DA:854,1
DA:855,2
DA:861,1
DA:862,1
DA:863,1
DA:864,0
DA:866,2
DA:867,0
DA:871,2
DA:872,1
DA:873,3
DA:877,1
DA:878,2
DA:879,2
DA:880,1
DA:884,0
DA:885,0
DA:891,1
DA:892,2
DA:895,2
DA:896,3
DA:897,2
DA:898,1
DA:899,1
DA:900,0
DA:904,2
DA:907,1
DA:908,2
DA:909,1
DA:910,1
DA:911,1
DA:912,1
DA:914,0
DA:917,2
DA:918,1
DA:919,3
DA:924,0
DA:925,0
DA:930,0
DA:931,0
DA:932,0
DA:934,0
DA:935,0
DA:942,1
DA:943,1
DA:944,1
DA:947,2
DA:948,0
DA:951,2
DA:952,1
DA:953,1
DA:954,1
DA:955,1
DA:957,0
DA:960,1
DA:961,2
DA:962,1
DA:963,1
DA:964,1
DA:965,0
DA:967,1
DA:970,1
DA:971,1
DA:977,1
DA:978,2
DA:982,1
DA:983,2
DA:985,1
DA:986,4
DA:987,0
DA:1005,1
DA:1006,1
DA:1007,1
DA:1010,2
DA:1011,0
DA:1014,1
DA:1015,0
DA:1016,0
DA:1020,2
DA:1024,1
DA:1025,2
DA:1026,2
DA:1027,1
DA:1040,1
DA:1041,2
DA:1044,1
DA:1045,2
DA:1046,2
DA:1047,0
DA:1048,0
DA:1069,1
DA:1071,1
DA:1072,0
DA:1073,0
DA:1077,2
DA:1078,0
DA:1079,0
DA:1085,1
DA:1088,3
DA:1090,1
DA:1094,1
DA:1095,0
DA:1096,0
DA:1101,2
DA:1102,1
DA:1103,3
DA:1107,1
DA:1108,2
DA:1109,2
DA:1110,1
DA:1114,1
DA:1116,1
DA:1117,1
DA:1124,1
DA:1125,1
DA:1126,1
DA:1127,1
DA:1131,2
DA:1132,0
DA:1133,0
DA:1137,1
DA:1138,0
DA:1139,0
DA:1145,2
DA:1146,1
DA:1147,3
DA:1151,1
DA:1152,2
DA:1153,2
DA:1154,1
DA:1158,1
DA:1159,2
DA:1171,1
DA:1172,1
DA:1173,1
DA:1176,1
DA:1178,2
DA:1179,1
DA:1180,1
DA:1182,1
DA:1184,1
DA:1185,1
DA:1188,1
DA:1193,1
DA:1194,2
DA:1198,1
DA:1199,1
DA:1200,1
DA:1202,2
DA:1204,0
DA:1205,0
DA:1207,0
DA:1208,0
DA:1209,0
DA:1215,2
DA:1216,1
DA:1221,2
DA:1222,1
DA:1227,2
DA:1228,1
DA:1233,2
DA:1234,1
DA:1239,2
DA:1240,1
DA:1245,2
DA:1246,1
DA:1251,2
DA:1252,1
DA:1257,2
DA:1258,2
DA:1259,1
DA:1265,2
DA:1266,1
DA:1278,1
DA:1279,1
DA:1280,2
DA:1283,3
DA:1284,2
DA:1285,2
DA:1286,2
DA:1287,2
DA:1288,1
DA:1290,2
DA:1295,1
DA:1296,2
DA:1299,0
DA:1304,0
DA:1309,0
DA:1310,0
DA:1311,0
DA:1314,1
DA:1315,3
DA:1317,1
DA:1318,1
DA:1326,1
DA:1332,2
DA:1334,2
DA:1337,1
DA:1338,2
DA:1341,4
DA:1342,4
DA:1344,3
DA:1345,3
DA:1346,1
DA:1352,1
DA:1353,2
DA:1355,1
DA:1360,1
DA:1361,2
DA:1363,1
DA:1368,1
DA:1370,1
DA:1371,2
DA:1378,1
DA:1379,0
DA:1380,0
DA:1381,0
DA:1383,0
DA:1389,1
DA:1391,5
DA:1392,1
DA:1393,1
DA:1394,1
DA:1396,1
DA:1398,1
DA:1400,4
DA:1402,1
DA:1404,1
DA:1405,1
DA:1407,1
DA:1409,1
DA:1410,2
DA:1411,1
DA:1413,1
DA:1414,2
DA:1415,0
DA:1417,1
DA:1421,1
DA:1424,3
DA:1427,2
DA:1428,1
DA:1429,1
DA:1431,1
DA:1436,3
DA:1438,1
DA:1440,1
DA:1441,1
DA:1442,3
DA:1443,1
DA:1444,1
DA:1446,1
DA:1447,2
DA:1450,3
DA:1451,2
DA:1452,3
DA:1455,3
DA:1458,2
DA:1461,1
DA:1462,1
DA:1463,2
DA:1468,4
DA:1472,4
DA:1475,2
DA:1479,0
DA:1480,0
DA:1483,0
DA:1485,0
DA:1486,0
DA:1492,0
DA:1494,0
DA:1495,0
DA:1498,0
DA:1499,0
DA:1503,0
DA:1504,0
DA:1506,0
DA:1511,1
DA:1513,2
DA:1514,1
DA:1515,1
DA:1516,1
DA:1517,1
DA:1518,2
DA:1519,1
DA:1520,2
DA:1521,1
DA:1522,2
DA:1525,1
DA:1528,2
DA:1531,2
DA:1533,2
DA:1534,2
DA:1535,2
DA:1536,2
DA:1537,1
DA:1538,1
DA:1548,0
DA:1549,0
DA:1550,0
DA:1551,0
DA:1554,1
DA:1559,3
DA:1560,1
DA:1565,1
DA:1566,2
DA:1567,1
DA:1568,1
DA:1575,1
DA:1579,1
DA:1580,1
DA:1581,1
DA:1582,1
DA:1583,1
DA:1584,1
DA:1585,2
DA:1586,1
DA:1587,2
DA:1589,1
DA:1596,1
DA:1597,1
DA:1598,1
DA:1599,1
DA:1600,1
DA:1603,2
DA:1604,1
DA:1605,1
DA:1606,1
DA:1607,1
DA:1608,3
DA:1609,1
DA:1610,1
DA:1611,1
DA:1613,1
DA:1614,1
DA:1615,1
DA:1617,0
DA:1618,1
DA:1619,2
DA:1621,5
DA:1624,1
DA:1628,1
DA:1629,1
DA:1631,1
DA:1632,1
DA:1649,1
DA:1650,1
DA:1653,1
DA:1655,2
DA:1656,2
DA:1657,1
DA:1658,1
DA:1659,2
DA:1663,1
DA:1664,1
DA:1667,1
DA:1669,3
DA:1670,2
DA:1674,1
DA:1675,3
DA:1676,2
DA:1677,1
DA:1678,1
DA:1679,1
DA:1680,1
DA:1682,2
DA:1684,1
DA:1692,1
DA:1693,2
DA:1696,1
DA:1697,2
DA:1700,1
DA:1701,1
DA:1703,2
DA:1705,1
DA:1706,2
DA:1710,1
DA:1714,1
DA:1716,1
DA:1717,2
DA:1718,2
DA:1720,1
DA:1726,1
DA:1729,1
DA:1731,1
DA:1732,2
DA:1733,3
DA:1734,1
DA:1737,2
DA:1740,1
DA:1743,1
DA:1745,1
DA:1746,2
DA:1747,3
DA:1748,1
DA:1751,2
DA:1754,1
DA:1755,2
DA:1758,1
DA:1759,1
DA:1762,1
DA:1763,1
DA:1765,2
DA:1767,0
DA:1768,0
DA:1772,1
DA:1776,1
DA:1777,2
DA:1778,1
DA:1780,1
DA:1782,1
DA:1783,2
DA:1785,1
DA:1789,0
DA:1792,2
DA:1793,0
DA:1797,1
DA:1801,1
DA:1802,1
DA:1807,1
DA:1808,1
DA:1809,2
DA:1810,2
DA:1811,0
DA:1812,0
DA:1814,3
DA:1815,3
DA:1816,4
DA:1817,2
DA:1818,2
DA:1819,1
DA:1822,1
DA:1823,3
DA:1825,1
DA:1826,2
DA:1829,1
DA:1830,2
DA:1832,1
DA:1834,1
DA:1835,2
DA:1842,2
DA:1843,1
DA:1844,1
DA:1849,2
DA:1854,1
DA:1855,2
DA:1856,2
DA:1859,3
DA:1860,0
DA:1864,1
DA:1865,3
DA:1868,1
DA:1869,2
DA:1870,3
DA:1877,1
DA:1878,2
DA:1879,2
DA:1880,1
DA:1882,3
DA:1883,1
DA:1890,1
DA:1893,1
DA:1894,1
DA:1895,1
DA:1896,1
DA:1897,1
DA:1898,1
DA:1899,2
DA:1900,1
DA:1901,2
DA:1902,1
DA:1903,1
DA:1904,1
DA:1908,1
DA:1911,1
DA:1915,1
DA:1916,1
DA:1918,3
DA:1919,2
DA:1921,2
DA:1926,1
DA:1927,2
DA:1930,1
DA:1931,2
DA:1934,2
DA:1936,1
DA:1940,1
DA:1941,2
DA:1944,3
DA:1949,1
DA:1950,1
DA:1952,2
DA:1959,1
DA:1964,2
DA:1966,3
DA:1969,4
DA:1974,1
DA:1975,3
DA:1976,3
DA:1977,3
DA:1984,1
DA:1987,1
DA:1992,2
DA:1995,2
DA:1998,2
DA:1999,1
DA:2000,1
DA:2001,1
DA:2003,2
DA:2006,3
DA:2007,1
DA:2011,0
DA:2013,0
DA:2015,0
DA:2018,0
DA:2019,0
DA:2020,0
DA:2022,0
DA:2023,0
DA:2026,0
DA:2027,0
DA:2034,0
DA:2035,0
DA:2036,0
DA:2040,0
DA:2041,0
DA:2050,0
DA:2053,0
DA:2054,0
DA:2055,0
DA:2059,0
DA:2063,0
DA:2066,0
DA:2067,0
DA:2069,0
DA:2071,0
DA:2072,0
DA:2078,0
DA:2079,0
DA:2080,0
DA:2082,0
DA:2083,0
DA:2084,0
DA:2086,0
DA:2088,0
DA:2090,0
DA:2092,0
DA:2094,0
DA:2096,0
DA:2101,0
DA:2102,0
DA:2105,0
DA:2106,0
DA:2107,0
DA:2108,0
DA:2109,0
DA:2111,0
DA:2116,0
DA:2118,0
DA:2121,0
DA:2124,0
DA:2125,0
DA:2126,0
DA:2127,0
DA:2128,0
DA:2130,0
DA:2132,0
DA:2133,0
DA:2135,0
DA:2137,0
DA:2138,0
DA:2139,0
DA:2142,0
DA:2143,0
DA:2144,0
DA:2145,0
DA:2148,0
DA:2149,0
DA:2150,0
DA:2151,0
DA:2152,0
DA:2153,0
DA:2154,0
DA:2155,0
DA:2157,0
DA:2166,1
DA:2167,1
DA:2168,2
DA:2174,1
DA:2176,2
DA:2177,2
DA:2178,1
DA:2179,1
DA:2183,1
DA:2186,1
DA:2188,3
DA:2190,1
DA:2191,0
DA:2192,0
DA:2193,0
DA:2197,1
DA:2199,2
DA:2200,1
DA:2201,1
DA:2204,1
DA:2209,1
DA:2210,1
DA:2211,1
DA:2212,1
DA:2213,1
DA:2215,2
DA:2216,1
DA:2218,1
DA:2221,1
DA:2222,1
DA:2223,1
DA:2224,1
DA:2226,1
DA:2274,3
DA:2278,3
DA:2283,2
DA:2284,1
DA:2297,1
DA:2331,0
DA:2333,0
DA:2336,0
DA:2337,0
DA:2341,1
DA:2342,2
DA:2343,1
DA:2351,1
DA:2352,2
DA:2353,2
DA:2354,1
DA:2355,1
DA:2360,1
DA:2361,2
DA:2362,2
DA:2367,1
DA:2368,1
DA:2369,2
DA:2370,2
DA:2375,1
DA:2376,1
DA:2377,0
DA:2379,1
DA:2380,1
DA:2387,0
DA:2391,1
DA:2394,2
DA:2398,2
DA:2399,1
DA:2400,1
DA:2403,2
DA:2405,3
DA:2406,1
DA:2409,2
DA:2410,1
DA:2414,1
DA:2415,2
DA:2416,2
DA:2422,2
DA:2423,1
DA:2424,3
DA:2431,1
DA:2432,2
DA:2433,1
DA:2438,1
DA:2443,1
DA:2444,1
DA:2447,2
DA:2453,1
DA:2454,1
DA:2455,1
DA:2457,4
DA:2464,2
DA:2465,1
DA:2472,0
DA:2474,1
DA:2475,3
DA:2476,2
DA:2477,4
DA:2480,0
DA:2481,0
DA:2498,1
DA:2502,1
DA:2504,1
DA:2509,0
DA:2510,0
DA:2514,1
DA:2515,1
DA:2516,0
DA:2517,0
DA:2518,0
DA:2519,0
DA:2520,0
DA:2521,0
DA:2522,0
DA:2523,0
DA:2528,1
DA:2530,1
DA:2531,1
DA:2533,1
DA:2534,3
DA:2539,1
DA:2540,1
DA:2541,1
DA:2542,0
DA:2543,0
DA:2544,0
DA:2545,0
DA:2546,0
DA:2547,0
DA:2548,0
DA:2553,1
DA:2554,1
DA:2555,1
DA:2556,2
DA:2557,1
DA:2558,1
DA:2565,0
DA:2566,0
DA:2589,0
DA:2608,1
DA:2609,2
DA:2610,2
DA:2613,1
DA:2614,2
DA:2615,2
DA:2633,1
DA:2635,0
DA:2637,0
DA:2647,1
DA:2654,1
DA:2663,0
DA:2671,1
DA:2672,2
DA:2677,1
DA:2678,2
DA:2679,1
DA:2680,2
DA:2685,1
DA:2686,2
DA:2687,1
DA:2688,2
LF:988
LH:753
end_of_record
SF:/Users/scheglov/Source/Dart/sdk.git/sdk/pkg/analyzer/lib/src/dart/analysis/driver_event.dart
DA:16,1
DA:25,1
DA:33,1
DA:42,1
LF:4
LH:4
end_of_record
SF:/Users/scheglov/Source/Dart/sdk.git/sdk/pkg/analyzer/lib/src/dart/analysis/file_state.dart
DA:63,1
DA:67,0
DA:72,2
DA:74,0
DA:82,1
DA:93,1
DA:99,0
DA:100,0
DA:102,0
DA:103,0
DA:111,0
DA:117,0
DA:118,0
DA:123,1
DA:128,1
DA:136,0
DA:137,0
DA:144,1
DA:148,0
DA:149,0
DA:156,1
DA:161,0
DA:162,0
DA:178,0
DA:184,0
DA:189,0
DA:191,0
DA:193,0
DA:209,1
DA:212,1
DA:217,1
DA:218,1
DA:219,1
DA:227,1
DA:228,1
DA:229,4
DA:235,1
DA:236,1
DA:237,5
DA:238,2
DA:239,1
DA:241,1
DA:242,1
DA:248,0
DA:249,0
DA:255,0
DA:256,0
DA:262,0
DA:263,0
DA:269,0
DA:270,0
DA:277,1
DA:280,1
DA:281,1
DA:285,2
DA:286,1
DA:287,3
DA:290,1
DA:291,2
DA:292,1
DA:293,1
DA:294,1
DA:297,1
DA:308,1
DA:311,1
DA:312,1
DA:313,5
DA:314,2
DA:315,1
DA:317,1
DA:318,1
DA:324,0
DA:325,0
DA:331,0
DA:332,0
DA:338,0
DA:339,0
DA:346,1
DA:352,0
DA:354,0
DA:355,0
DA:356,0
DA:357,0
DA:360,0
DA:361,0
DA:362,0
DA:365,0
DA:366,0
DA:367,0
DA:378,1
DA:379,1
DA:380,1
DA:381,1
DA:382,1
DA:385,1
DA:387,1
DA:389,2
DA:390,2
DA:391,2
DA:392,2
DA:396,1
DA:399,2
DA:404,2
DA:405,2
DA:408,2
DA:409,2
DA:411,2
DA:414,1
DA:415,2
DA:416,1
DA:417,3
DA:426,1
DA:427,1
DA:428,1
DA:429,4
DA:433,1
DA:436,2
DA:437,1
DA:439,1
DA:440,1
DA:446,0
DA:447,0
DA:453,0
DA:454,0
DA:460,0
DA:461,0
DA:467,0
DA:468,0
DA:546,1
DA:555,1
DA:558,2
DA:561,3
DA:564,3
DA:567,1
DA:568,2
DA:572,0
DA:573,0
DA:577,3
DA:579,1
DA:580,2
DA:582,2
DA:585,2
DA:588,1
DA:589,2
DA:592,1
DA:593,4
DA:596,0
DA:597,0
DA:600,2
DA:602,2
DA:605,2
DA:608,3
DA:610,1
DA:612,4
DA:616,1
DA:619,3
DA:624,1
DA:625,1
DA:626,1
DA:631,1
DA:632,1
DA:634,1
DA:636,3
DA:642,1
DA:646,1
DA:648,1
DA:649,1
DA:654,0
DA:657,0
DA:663,1
DA:668,2
DA:669,3
DA:671,1
DA:672,2
DA:673,1
DA:674,1
DA:675,2
DA:676,1
DA:679,1
DA:680,2
DA:681,1
DA:682,1
DA:683,1
DA:686,1
DA:687,1
DA:689,1
DA:694,1
DA:697,1
DA:707,1
DA:710,1
DA:711,1
DA:714,2
DA:715,2
DA:717,1
DA:719,4
DA:722,4
DA:723,1
DA:724,3
DA:727,1
DA:729,1
DA:730,3
DA:731,2
DA:732,2
DA:733,2
DA:734,2
DA:735,2
DA:736,2
DA:738,2
DA:742,2
DA:743,2
DA:748,3
DA:749,4
DA:751,1
DA:753,2
DA:754,0
DA:755,0
DA:756,0
DA:761,2
DA:762,1
DA:763,2
DA:764,1
DA:767,1
DA:770,3
DA:771,3
DA:774,3
DA:776,1
DA:789,1
DA:791,3
DA:795,1
DA:798,2
DA:801,2
DA:802,0
DA:804,0
DA:805,0
DA:806,0
DA:811,1
DA:813,1
DA:820,1
DA:825,2
DA:827,0
DA:832,3
DA:833,2
DA:836,0
DA:840,2
DA:841,1
DA:846,0
DA:847,0
DA:857,1
DA:864,2
DA:865,3
DA:866,0
DA:870,2
DA:875,1
DA:880,2
DA:881,3
DA:883,1
DA:887,5
DA:888,4
DA:890,3
DA:894,4
DA:895,1
DA:896,3
DA:897,1
DA:898,4
DA:902,1
DA:904,1
DA:906,2
DA:907,1
DA:909,1
DA:910,1
DA:912,1
DA:913,2
DA:918,1
DA:919,1
DA:920,1
DA:921,1
DA:922,1
DA:923,1
DA:928,1
DA:929,4
DA:930,3
DA:931,4
DA:938,1
DA:939,1
DA:940,3
DA:941,3
DA:942,1
DA:948,1
DA:949,2
DA:956,0
DA:962,0
DA:963,0
DA:964,0
DA:967,0
DA:969,0
DA:973,0
DA:974,0
DA:976,0
DA:977,0
DA:979,0
DA:980,0
DA:983,0
DA:986,1
DA:987,2
DA:989,2
DA:990,2
DA:991,2
DA:993,2
DA:995,1
DA:998,2
DA:1003,1
DA:1004,1
DA:1006,2
DA:1007,2
DA:1013,0
DA:1019,2
DA:1026,1
DA:1032,1
DA:1035,1
DA:1040,2
DA:1041,0
DA:1042,0
DA:1045,1
DA:1051,1
DA:1052,1
DA:1053,1
DA:1054,1
DA:1056,2
DA:1057,1
DA:1058,1
DA:1059,1
DA:1060,1
DA:1061,1
DA:1065,1
DA:1066,2
DA:1069,1
DA:1070,1
DA:1071,1
DA:1072,2
DA:1074,1
DA:1075,1
DA:1076,1
DA:1077,1
DA:1078,1
DA:1079,1
DA:1081,1
DA:1082,1
DA:1083,1
DA:1084,1
DA:1085,1
DA:1086,1
DA:1090,1
DA:1091,1
DA:1092,1
DA:1093,1
DA:1094,1
DA:1095,1
DA:1101,2
DA:1102,1
DA:1103,1
DA:1104,1
DA:1105,1
DA:1106,4
DA:1107,3
DA:1108,1
DA:1109,1
DA:1110,1
DA:1111,1
DA:1112,2
DA:1122,2
DA:1123,1
DA:1124,3
DA:1125,1
DA:1126,3
DA:1127,1
DA:1128,1
DA:1130,2
DA:1132,1
DA:1133,3
DA:1134,1
DA:1135,3
DA:1136,1
DA:1137,3
DA:1138,3
DA:1143,1
DA:1145,3
DA:1146,0
DA:1147,0
DA:1148,0
DA:1150,1
DA:1152,2
DA:1153,1
DA:1154,2
DA:1155,1
DA:1156,1
DA:1159,1
DA:1161,1
DA:1163,1
DA:1164,1
DA:1167,3
DA:1168,1
DA:1169,1
DA:1178,1
DA:1184,3
DA:1187,3
DA:1188,3
DA:1195,1
DA:1198,2
DA:1199,1
DA:1200,1
DA:1201,2
DA:1202,1
DA:1204,5
DA:1208,1
DA:1209,2
DA:1210,1
DA:1212,5
DA:1215,1
DA:1218,1
DA:1221,1
DA:1222,0
DA:1223,0
DA:1224,0
DA:1227,0
DA:1229,1
DA:1232,1
DA:1233,1
DA:1234,2
DA:1235,2
DA:1236,2
DA:1237,2
DA:1241,1
DA:1246,1
DA:1249,1
DA:1250,1
DA:1251,1
DA:1252,1
DA:1256,1
DA:1257,1
DA:1258,2
DA:1259,1
DA:1264,1
DA:1265,2
DA:1266,2
DA:1267,2
DA:1269,2
DA:1274,1
DA:1275,1
DA:1276,2
DA:1277,2
DA:1297,0
DA:1299,0
DA:1381,1
DA:1399,2
DA:1402,3
DA:1404,0
DA:1405,0
DA:1410,0
DA:1411,0
DA:1416,0
DA:1420,0
DA:1421,0
DA:1424,0
DA:1427,0
DA:1430,0
DA:1431,0
DA:1437,1
DA:1438,1
DA:1439,1
DA:1440,2
DA:1441,1
DA:1446,2
DA:1448,1
DA:1453,0
DA:1456,0
DA:1457,0
DA:1458,0
DA:1460,0
DA:1469,0
DA:1471,0
DA:1472,0
DA:1474,0
DA:1475,0
DA:1476,0
DA:1480,0
DA:1481,0
DA:1484,1
DA:1485,2
DA:1488,0
DA:1489,0
DA:1494,1
DA:1495,2
DA:1497,2
DA:1498,2
DA:1499,1
DA:1514,1
DA:1518,2
DA:1522,1
DA:1523,0
DA:1526,2
DA:1534,1
DA:1538,2
DA:1540,0
DA:1543,2
DA:1545,2
DA:1550,1
DA:1557,1
DA:1562,0
DA:1563,0
DA:1564,0
DA:1566,0
DA:1567,0
DA:1568,0
DA:1577,0
DA:1578,0
DA:1582,0
DA:1583,0
DA:1584,0
DA:1585,0
DA:1586,0
DA:1597,1
DA:1598,2
DA:1600,2
DA:1601,2
DA:1602,2
DA:1603,2
DA:1609,1
DA:1610,1
DA:1616,0
DA:1618,0
DA:1619,0
DA:1620,0
DA:1624,0
DA:1625,0
DA:1626,0
DA:1634,1
DA:1635,2
DA:1636,2
DA:1637,2
DA:1638,2
DA:1639,2
DA:1640,2
DA:1641,2
DA:1643,2
DA:1646,1
DA:1647,2
DA:1649,1
DA:1655,1
DA:1657,0
DA:1662,2
DA:1663,1
DA:1664,1
DA:1667,1
DA:1673,1
DA:1678,2
DA:1679,1
DA:1682,1
DA:1688,1
DA:1689,2
DA:1690,1
DA:1692,1
DA:1694,1
DA:1695,1
DA:1697,2
DA:1698,2
DA:1699,2
DA:1700,2
DA:1701,2
DA:1703,1
DA:1704,1
DA:1705,2
DA:1706,1
DA:1711,2
DA:1720,1
DA:1722,0
DA:1728,1
DA:1729,3
DA:1743,1
DA:1745,1
DA:1746,2
DA:1748,1
DA:1750,7
DA:1764,1
DA:1765,1
DA:1766,2
DA:1767,1
DA:1768,1
DA:1770,1
DA:1771,1
DA:1772,2
DA:1773,1
DA:1774,1
DA:1775,2
DA:1782,1
DA:1784,1
DA:1787,1
DA:1792,1
DA:1796,0
DA:1798,0
DA:1800,0
DA:1809,1
DA:1817,0
DA:1824,0
DA:1830,1
DA:1836,5
DA:1839,3
DA:1842,1
DA:1843,2
DA:1844,1
DA:1850,1
DA:1852,3
DA:1853,1
DA:1858,1
DA:1859,2
DA:1861,0
DA:1863,0
DA:1870,0
DA:1877,0
DA:1879,0
DA:1880,0
DA:1886,0
DA:1887,0
DA:1893,1
DA:1904,1
DA:1930,1
DA:1935,4
DA:1939,1
DA:1940,1
DA:1944,1
DA:1946,4
DA:1947,2
DA:1948,2
DA:1951,2
DA:1957,1
DA:1958,1
DA:1960,1
DA:1961,1
DA:1962,2
DA:1963,1
DA:1964,1
DA:1966,1
DA:1972,1
DA:1977,1
DA:1978,5
DA:1981,2
DA:1983,1
DA:1988,1
DA:1989,1
DA:1990,4
DA:1993,1
DA:1996,1
DA:1998,4
DA:2005,1
DA:2010,3
DA:2011,3
DA:2013,1
DA:2015,2
DA:2018,2
DA:2019,4
DA:2021,2
DA:2022,2
DA:2023,1
DA:2024,1
DA:2033,3
DA:2035,1
DA:2037,1
DA:2038,3
DA:2045,1
DA:2049,3
DA:2050,1
DA:2054,3
DA:2056,1
DA:2062,1
DA:2064,1
DA:2065,1
DA:2069,1
DA:2071,1
DA:2075,5
DA:2078,5
DA:2083,1
DA:2085,4
DA:2086,1
DA:2089,1
DA:2091,2
DA:2092,1
DA:2099,1
DA:2102,2
DA:2103,4
DA:2105,2
DA:2108,1
DA:2111,1
DA:2112,1
DA:2114,1
DA:2117,0
DA:2118,0
DA:2119,0
DA:2122,0
DA:2124,0
DA:2127,1
DA:2128,2
DA:2129,5
DA:2130,5
DA:2131,4
DA:2141,1
DA:2149,0
DA:2156,0
DA:2158,3
DA:2160,3
DA:2166,1
DA:2172,5
DA:2175,3
DA:2178,1
DA:2179,2
DA:2180,1
DA:2186,1
DA:2188,3
DA:2189,1
DA:2194,1
DA:2195,2
DA:2197,1
DA:2199,5
DA:2206,0
DA:2213,0
DA:2215,0
DA:2216,0
DA:2222,0
DA:2223,0
DA:2229,1
DA:2240,1
DA:2249,1
DA:2259,1
DA:2269,1
DA:2270,2
DA:2273,1
DA:2274,2
DA:2277,1
DA:2278,2
DA:2281,1
DA:2282,2
DA:2288,1
DA:2302,1
DA:2313,1
DA:2319,5
DA:2322,3
DA:2326,1
DA:2327,2
DA:2328,3
DA:2334,0
DA:2336,0
DA:2343,1
DA:2354,1
DA:2366,1
DA:2372,1
DA:2373,3
DA:2374,4
DA:2379,1
DA:2381,1
DA:2384,2
DA:2385,1
DA:2388,0
DA:2396,0
DA:2398,0
DA:2401,1
DA:2403,2
DA:2404,3
DA:2405,1
DA:2407,1
DA:2409,4
DA:2412,2
DA:2413,2
DA:2414,4
DA:2420,1
DA:2422,5
DA:2430,1
DA:2435,0
DA:2437,0
DA:2445,1
DA:2453,1
DA:2454,2
DA:2455,1
DA:2461,1
DA:2463,1
DA:2464,1
DA:2465,1
DA:2467,1
DA:2469,0
DA:2470,0
DA:2478,1
DA:2480,3
DA:2486,0
DA:2491,0
DA:2494,0
DA:2508,1
DA:2518,1
DA:2520,1
DA:2522,2
DA:2523,1
DA:2524,1
DA:2525,1
DA:2526,1
DA:2532,1
DA:2533,2
DA:2542,0
DA:2548,1
DA:2554,1
DA:2555,2
DA:2559,1
DA:2560,1
DA:2562,3
DA:2563,1
DA:2567,1
DA:2568,2
DA:2572,1
DA:2573,1
DA:2575,0
DA:2577,0
DA:2578,0
DA:2579,0
DA:2587,1
DA:2588,2
DA:2589,1
DA:2595,1
DA:2596,4
LF:823
LH:634
end_of_record
SF:/Users/scheglov/Source/Dart/sdk.git/sdk/pkg/analyzer/lib/src/dart/analysis/status.dart
DA:9,2
DA:11,2
DA:17,1
DA:19,1
DA:22,0
DA:30,2
DA:32,1
DA:35,0
DA:48,1
DA:49,2
DA:50,2
DA:55,1
DA:56,2
DA:57,2
DA:69,1
DA:74,0
DA:78,1
DA:79,2
DA:81,1
DA:82,2
DA:83,2
DA:89,1
DA:90,2
DA:91,1
DA:92,1
DA:93,2
DA:102,0
DA:103,0
DA:104,0
DA:105,0
DA:106,0
DA:107,0
LF:32
LH:23
end_of_record
SF:/Users/scheglov/Source/Dart/sdk.git/sdk/pkg/analyzer/lib/src/lint/linter.dart
DA:75,0
DA:78,0
DA:79,0
DA:97,0
DA:99,0
DA:100,0
DA:101,0
DA:103,0
DA:106,0
DA:107,0
DA:110,0
DA:112,0
DA:115,0
DA:118,0
DA:119,0
DA:122,0
DA:123,0
DA:150,1
DA:159,0
DA:160,0
DA:161,0
DA:163,0
DA:165,0
DA:166,0
DA:167,0
DA:172,0
DA:174,0
DA:176,0
DA:178,0
DA:201,1
DA:211,0
DA:214,0
DA:223,0
DA:224,0
DA:227,3
DA:229,1
DA:236,1
DA:238,2
DA:244,0
DA:250,0
DA:253,0
DA:258,0
DA:259,0
DA:261,0
DA:268,1
DA:272,2
DA:275,1
DA:281,0
DA:286,0
DA:287,0
DA:289,0
DA:296,0
DA:301,0
DA:302,0
DA:303,0
DA:304,0
DA:305,0
DA:309,0
DA:321,1
DA:329,0
DA:330,0
LF:61
LH:10
end_of_record
SF:/Users/scheglov/Source/Dart/sdk.git/sdk/pkg/analyzer/lib/src/lint/registry.dart
DA:14,3
DA:24,0
DA:25,0
DA:28,0
DA:32,0
DA:35,0
DA:38,0
DA:50,2
DA:52,2
DA:53,1
DA:55,2
DA:56,5
DA:60,0
DA:63,1
DA:64,3
DA:65,2
DA:66,3
DA:71,0
DA:72,0
DA:73,0
DA:74,0
DA:79,1
DA:80,3
DA:81,2
DA:82,3
DA:87,0
DA:88,0
DA:89,0
DA:90,0
LF:29
LH:14
end_of_record
SF:/Users/scheglov/Source/Dart/sdk.git/sdk/pkg/analyzer/lib/src/utilities/extensions/async.dart
DA:8,1
DA:9,2
DA:10,1
DA:14,0
DA:15,0
DA:16,0
LF:6
LH:3
end_of_record
SF:/Users/scheglov/Source/Dart/sdk.git/sdk/pkg/analyzer/lib/src/test_utilities/resource_provider_mixin.dart
DA:25,2
DA:27,0
DA:29,3
DA:31,1
DA:32,3
DA:33,0
DA:34,1
DA:37,0
DA:38,0
DA:39,0
DA:42,1
DA:43,1
DA:44,3
DA:47,1
DA:48,2
DA:51,0
DA:52,0
DA:53,0
DA:56,0
DA:57,0
DA:62,0
DA:65,0
DA:66,0
DA:69,1
DA:70,1
DA:71,2
DA:74,1
DA:75,1
DA:76,2
DA:79,1
DA:87,2
DA:88,1
DA:90,1
DA:91,1
DA:92,3
DA:95,1
DA:96,2
DA:99,1
DA:100,1
DA:101,1
DA:104,0
DA:105,0
DA:106,0
DA:109,0
DA:110,0
DA:111,0
DA:114,1
DA:115,1
DA:116,3
DA:119,1
DA:120,1
DA:121,3
DA:124,0
DA:125,0
DA:126,0
DA:127,0
DA:130,1
DA:131,1
DA:136,1
DA:139,0
DA:143,0
DA:144,0
DA:147,0
DA:148,0
DA:149,0
DA:152,0
DA:156,0
DA:157,0
DA:158,0
DA:161,1
DA:162,1
DA:163,3
DA:166,1
DA:167,2
DA:175,1
DA:176,5
DA:177,0
DA:178,0
DA:180,0
LF:79
LH:43
end_of_record
SF:/Users/scheglov/Source/Dart/sdk.git/sdk/pkg/analyzer/lib/dart/element/element.dart
DA:1150,1
DA:1152,0
DA:1153,0
DA:1155,0
DA:1156,0
DA:1163,0
DA:1167,0
DA:2042,1
DA:2048,1
DA:2049,2
LF:10
LH:4
end_of_record
SF:/Users/scheglov/Source/Dart/sdk.git/sdk/pkg/analyzer/lib/src/dart/analysis/library_graph.dart
DA:18,1
DA:19,1
DA:20,2
DA:73,2
DA:74,2
DA:75,2
DA:76,3
DA:82,1
DA:91,2
DA:92,2
DA:93,1
DA:98,1
DA:104,1
DA:114,2
DA:115,2
DA:121,1
DA:122,1
DA:123,1
DA:125,2
DA:127,5
DA:128,2
DA:129,3
DA:130,3
DA:133,1
DA:134,1
DA:138,3
DA:141,3
DA:147,1
DA:148,2
DA:149,1
DA:151,3
DA:152,1
DA:154,2
DA:155,2
DA:160,1
DA:161,1
DA:162,1
DA:164,2
DA:165,2
DA:166,1
DA:170,2
DA:171,1
DA:176,0
DA:178,0
DA:187,1
DA:189,1
DA:190,2
DA:192,1
DA:194,2
DA:195,2
DA:196,1
DA:197,1
DA:198,1
DA:199,3
DA:200,1
DA:201,1
DA:202,3
DA:205,1
DA:206,1
DA:207,1
DA:209,4
DA:212,0
DA:214,0
DA:224,1
DA:226,1
DA:228,2
DA:231,1
DA:233,1
DA:234,1
DA:235,1
DA:236,2
DA:237,2
DA:238,2
DA:241,2
DA:242,3
DA:243,3
DA:244,1
DA:249,2
DA:250,1
DA:255,1
DA:260,1
DA:262,2
DA:263,2
DA:264,2
DA:265,2
DA:267,2
DA:268,2
DA:270,2
DA:271,2
DA:272,2
DA:274,2
DA:276,2
DA:277,2
DA:278,2
DA:279,2
DA:282,2
DA:283,2
DA:284,2
DA:285,2
DA:291,1
DA:293,3
DA:294,3
DA:295,2
DA:296,2
DA:298,1
DA:303,1
DA:305,3
DA:306,3
DA:307,2
DA:308,2
DA:309,2
DA:311,1
DA:315,1
DA:316,1
DA:319,1
DA:320,1
DA:321,1
DA:326,1
DA:327,1
DA:331,2
DA:332,2
DA:336,1
DA:337,4
DA:340,1
DA:347,2
DA:348,2
DA:349,2
DA:350,2
DA:355,1
DA:356,1
DA:357,2
DA:358,2
DA:360,2
DA:362,2
LF:134
LH:130
end_of_record
SF:/Users/scheglov/Source/Dart/sdk.git/sdk/pkg/analyzer/lib/src/dart/analysis/results.dart
DA:27,1
DA:42,0
DA:44,0
DA:46,0
DA:48,0
DA:52,0
DA:53,0
DA:54,0
DA:55,0
DA:57,0
DA:58,0
DA:59,0
DA:61,0
DA:62,0
DA:63,0
DA:65,0
DA:66,0
DA:67,0
DA:69,0
DA:70,0
DA:71,0
DA:74,0
DA:75,0
DA:76,0
DA:77,0
DA:78,0
DA:81,0
DA:82,0
DA:86,0
DA:87,0
DA:88,0
DA:89,0
DA:92,0
DA:93,0
DA:94,0
DA:95,0
DA:97,0
DA:98,0
DA:99,0
DA:102,0
DA:103,0
DA:104,0
DA:106,0
DA:107,0
DA:108,0
DA:110,0
DA:111,0
DA:112,0
DA:114,0
DA:115,0
DA:116,0
DA:118,0
DA:119,0
DA:120,0
DA:121,0
DA:123,0
DA:124,0
DA:125,0
DA:128,0
DA:129,0
DA:130,0
DA:132,0
DA:133,0
DA:134,0
DA:135,0
DA:140,0
DA:141,0
DA:145,0
DA:146,0
DA:149,0
DA:150,0
DA:167,0
DA:170,0
DA:172,0
DA:173,0
DA:174,0
DA:177,0
DA:212,1
DA:225,1
DA:226,2
DA:244,1
DA:247,1
DA:248,1
DA:249,2
DA:250,2
DA:252,0
DA:253,0
DA:255,1
DA:256,2
DA:258,1
DA:260,2
DA:263,1
DA:264,2
DA:266,1
DA:267,2
DA:274,1
DA:276,1
DA:277,1
DA:285,1
DA:290,0
DA:292,0
DA:293,0
DA:294,0
DA:295,0
DA:299,0
DA:300,0
DA:301,0
DA:302,0
DA:303,0
DA:304,0
DA:309,0
DA:310,0
DA:311,0
DA:317,0
DA:320,0
DA:322,0
DA:323,0
DA:325,0
DA:336,1
DA:354,1
DA:356,0
DA:357,0
DA:390,0
DA:412,1
DA:418,0
DA:419,0
DA:421,0
DA:422,0
DA:424,0
DA:426,0
DA:427,0
DA:428,0
DA:429,0
DA:433,0
DA:434,0
DA:435,0
DA:436,0
DA:437,0
DA:438,0
DA:443,0
DA:444,0
DA:445,0
DA:451,0
DA:454,0
DA:456,0
DA:457,0
DA:459,0
DA:462,0
DA:464,0
DA:465,0
DA:481,1
DA:488,1
DA:489,2
DA:491,1
DA:493,2
DA:494,1
DA:497,0
DA:498,0
DA:500,1
DA:501,2
DA:503,0
DA:504,0
DA:506,0
DA:507,0
DA:515,1
DA:521,0
DA:522,0
LF:167
LH:33
end_of_record
SF:/Users/scheglov/Source/Dart/sdk.git/sdk/pkg/analyzer/lib/src/summary/idl.dart
DA:59,0
DA:60,0
DA:93,1
DA:94,1
DA:149,0
DA:150,0
DA:272,0
DA:273,0
LF:8
LH:2
end_of_record
SF:/Users/scheglov/Source/Dart/sdk.git/sdk/pkg/analyzer/lib/src/utilities/extensions/file_system.dart
DA:12,1
DA:13,1
DA:17,1
DA:18,2
DA:19,1
DA:29,1
DA:30,1
DA:31,1
DA:38,1
DA:39,2
DA:40,3
DA:41,0
DA:42,0
DA:44,1
DA:48,0
DA:49,0
LF:16
LH:12
end_of_record
SF:/Users/scheglov/Source/Dart/sdk.git/sdk/pkg/analyzer/lib/dart/ast/doc_comment.dart
DA:21,0
DA:23,0
DA:24,0
DA:65,0
DA:78,0
DA:92,1
DA:123,0
DA:153,0
DA:406,0
DA:434,1
DA:438,1
DA:451,1
DA:458,0
DA:460,0
DA:461,0
LF:15
LH:4
end_of_record
SF:/Users/scheglov/Source/Dart/sdk.git/sdk/pkg/analyzer/lib/src/dart/ast/ast.dart
DA:67,1
DA:70,2
DA:73,0
DA:74,0
DA:76,0
DA:77,0
DA:79,0
DA:80,0
DA:82,0
DA:84,0
DA:87,1
DA:88,1
DA:90,0
DA:92,0
DA:95,1
DA:97,2
DA:100,0
DA:102,0
DA:103,0
DA:104,0
DA:137,1
DA:141,1
DA:144,1
DA:146,1
DA:147,2
DA:148,1
DA:150,2
DA:151,2
DA:152,2
DA:154,2
DA:155,2
DA:156,3
DA:162,1
DA:164,1
DA:165,2
DA:166,2
DA:169,1
DA:171,1
DA:277,1
DA:288,2
DA:289,2
DA:290,2
DA:291,2
DA:294,1
DA:295,1
DA:297,0
DA:298,0
DA:301,1
DA:302,1
DA:304,1
DA:305,1
DA:307,0
DA:308,0
DA:311,1
DA:313,1
DA:315,1
DA:316,2
DA:321,1
DA:322,1
DA:325,1
DA:328,1
DA:329,1
DA:330,1
DA:331,0
DA:337,1
DA:339,1
DA:340,1
DA:341,1
DA:342,0
DA:344,2
DA:347,1
DA:348,1
DA:350,0
DA:351,0
DA:354,1
DA:355,1
DA:357,1
DA:358,1
DA:360,0
DA:361,0
DA:364,0
DA:366,0
DA:367,0
DA:368,0
DA:369,0
DA:370,0
DA:371,0
DA:372,0
DA:375,1
DA:376,1
DA:378,1
DA:380,2
DA:381,1
DA:382,1
DA:383,2
DA:433,1
DA:438,2
DA:441,1
DA:442,1
DA:444,0
DA:445,0
DA:447,0
DA:448,0
DA:450,1
DA:451,4
DA:452,0
DA:453,0
DA:455,1
DA:458,0
DA:459,0
DA:460,0
DA:461,0
DA:463,1
DA:464,1
DA:466,0
DA:468,0
DA:469,0
DA:470,0
DA:471,0
DA:473,1
DA:474,1
DA:476,1
DA:478,2
DA:489,1
DA:490,1
DA:491,5
DA:497,2
DA:498,1
DA:502,2
DA:530,1
DA:536,2
DA:537,2
DA:540,0
DA:541,0
DA:543,0
DA:544,0
DA:546,0
DA:547,0
DA:549,0
DA:550,0
DA:553,0
DA:556,0
DA:557,0
DA:559,0
DA:560,0
DA:563,0
DA:564,0
DA:565,0
DA:566,0
DA:567,0
DA:569,1
DA:570,1
DA:572,0
DA:574,0
DA:577,1
DA:579,2
DA:580,2
DA:610,1
DA:619,2
DA:620,2
DA:623,1
DA:624,1
DA:626,0
DA:627,0
DA:629,0
DA:630,0
DA:633,1
DA:634,1
DA:636,1
DA:637,1
DA:639,0
DA:640,0
DA:643,0
DA:644,0
DA:645,0
DA:646,0
DA:647,0
DA:648,0
DA:649,0
DA:650,0
DA:652,1
DA:653,1
DA:655,1
DA:657,2
DA:658,1
DA:716,1
DA:726,2
DA:727,2
DA:730,0
DA:731,0
DA:733,0
DA:734,0
DA:736,0
DA:737,0
DA:740,0
DA:741,0
DA:743,1
DA:744,1
DA:746,0
DA:747,0
DA:750,0
DA:751,0
DA:752,0
DA:753,0
DA:754,0
DA:755,0
DA:756,0
DA:757,0
DA:758,0
DA:760,1
DA:761,1
DA:763,1
DA:765,2
DA:766,1
DA:797,1
DA:801,0
DA:802,0
DA:804,0
DA:807,0
DA:810,0
DA:811,0
DA:813,0
DA:816,0
DA:817,0
DA:819,1
DA:821,1
DA:824,0
DA:826,0
DA:827,0
DA:829,0
DA:830,0
DA:832,0
DA:835,0
DA:840,0
DA:846,1
DA:883,1
DA:889,2
DA:890,2
DA:893,0
DA:894,0
DA:896,0
DA:898,0
DA:900,0
DA:901,0
DA:903,1
DA:904,1
DA:906,0
DA:907,0
DA:910,0
DA:913,1
DA:914,1
DA:916,0
DA:917,0
DA:920,0
DA:921,0
DA:922,0
DA:923,0
DA:924,0
DA:926,0
DA:927,0
DA:932,0
DA:934,0
DA:935,0
DA:937,0
DA:940,0
DA:941,0
DA:942,0
DA:945,0
DA:946,0
DA:948,0
DA:954,1
DA:956,1
DA:958,0
DA:960,0
DA:963,1
DA:965,2
DA:966,2
DA:969,0
DA:971,0
DA:982,0
DA:983,0
DA:1081,0
DA:1083,0
DA:1085,1
DA:1086,3
DA:1088,1
DA:1091,1
DA:1093,1
DA:1094,1
DA:1095,5
DA:1101,3
DA:1103,1
DA:1105,1
DA:1106,1
DA:1109,1
DA:1110,1
DA:1112,0
DA:1115,0
DA:1118,0
DA:1123,0
DA:1125,1
DA:1126,1
DA:1129,0
DA:1131,0
DA:1133,1
DA:1138,1
DA:1139,0
DA:1144,1
DA:1147,1
DA:1148,1
DA:1153,1
DA:1155,1
DA:1156,2
DA:1157,1
DA:1160,1
DA:1161,1
DA:1165,1
DA:1166,1
DA:1594,0
DA:1598,0
DA:1599,0
DA:1601,0
DA:1603,0
DA:1605,0
DA:1606,0
DA:1608,0
DA:1611,0
DA:1614,0
DA:1616,0
DA:1618,0
DA:1619,0
DA:1621,0
DA:1623,0
DA:1626,0
DA:1675,0
DA:1680,0
DA:1681,0
DA:1684,0
DA:1685,0
DA:1687,0
DA:1689,0
DA:1691,0
DA:1692,0
DA:1694,0
DA:1697,0
DA:1698,0
DA:1699,0
DA:1700,0
DA:1701,0
DA:1703,0
DA:1705,0
DA:1708,0
DA:1710,0
DA:1713,0
DA:1715,0
DA:1716,0
DA:1740,1
DA:1744,2
DA:1747,0
DA:1749,0
DA:1752,0
DA:1753,0
DA:1755,0
DA:1756,0
DA:1758,0
DA:1759,0
DA:1762,0
DA:1765,0
DA:1766,0
DA:1767,0
DA:1768,0
DA:1770,1
DA:1771,1
DA:1773,0
DA:1775,0
DA:1778,1
DA:1780,2
DA:1820,1
DA:1826,1
DA:1827,1
DA:1830,1
DA:1831,2
DA:1833,0
DA:1835,0
DA:1837,1
DA:1838,2
DA:1840,1
DA:1841,1
DA:1843,0
DA:1844,0
DA:1847,0
DA:1848,0
DA:1850,1
DA:1851,1
DA:1853,0
DA:1854,0
DA:1857,0
DA:1858,0
DA:1859,0
DA:1860,0
DA:1861,0
DA:1863,1
DA:1864,1
DA:1866,1
DA:1868,1
DA:1871,1
DA:1873,2
DA:1874,2
DA:1919,1
DA:1924,2
DA:1927,0
DA:1929,0
DA:1932,0
DA:1935,0
DA:1936,0
DA:1938,0
DA:1939,0
DA:1942,1
DA:1943,2
DA:1945,1
DA:1946,4
DA:1948,1
DA:1949,1
DA:1951,1
DA:1952,4
DA:1954,0
DA:1955,0
DA:1956,0
DA:1957,0
DA:1958,0
DA:1960,1
DA:1961,1
DA:1963,1
DA:1965,1
DA:1967,1
DA:1969,2
DA:1985,1
DA:1990,2
DA:1993,0
DA:1994,0
DA:1996,1
DA:1997,1
DA:1999,1
DA:2000,1
DA:2002,0
DA:2003,0
DA:2004,0
DA:2005,0
DA:2006,0
DA:2008,1
DA:2009,1
DA:2011,1
DA:2013,2
DA:2037,1
DA:2042,1
DA:2043,1
DA:2045,1
DA:2046,1
DA:2048,0
DA:2049,0
DA:2051,0
DA:2053,0
DA:2055,1
DA:2056,1
DA:2058,1
DA:2060,1
DA:2063,1
DA:2113,1
DA:2118,2
DA:2121,0
DA:2122,0
DA:2124,0
DA:2125,0
DA:2127,0
DA:2128,0
DA:2130,0
DA:2131,0
DA:2134,0
DA:2135,0
DA:2136,0
DA:2137,0
DA:2138,0
DA:2140,1
DA:2141,1
DA:2143,1
DA:2145,1
DA:2187,1
DA:2191,2
DA:2192,2
DA:2195,0
DA:2196,0
DA:2198,1
DA:2199,1
DA:2201,0
DA:2202,0
DA:2204,0
DA:2206,0
DA:2209,0
DA:2212,1
DA:2213,1
DA:2215,0
DA:2216,0
DA:2219,0
DA:2220,0
DA:2221,0
DA:2222,0
DA:2224,0
DA:2227,1
DA:2228,1
DA:2230,0
DA:2232,0
DA:2235,1
DA:2237,2
DA:2238,2
DA:2241,0
DA:2268,1
DA:2272,2
DA:2275,0
DA:2276,0
DA:2278,0
DA:2279,0
DA:2281,0
DA:2282,0
DA:2283,0
DA:2284,0
DA:2286,1
DA:2287,1
DA:2289,1
DA:2291,2
DA:2324,0
DA:2329,0
DA:2330,0
DA:2333,0
DA:2334,0
DA:2336,0
DA:2337,0
DA:2339,0
DA:2342,0
DA:2343,0
DA:2345,0
DA:2346,0
DA:2347,0
DA:2348,0
DA:2349,0
DA:2351,0
DA:2352,0
DA:2354,0
DA:2356,0
DA:2359,0
DA:2364,0
DA:2365,0
DA:2366,0
DA:2368,0
DA:2371,0
DA:2372,0
DA:2375,0
DA:2379,0
DA:2381,0
DA:2386,0
DA:2388,0
DA:2389,0
DA:2467,1
DA:2482,2
DA:2483,2
DA:2484,2
DA:2485,2
DA:2488,0
DA:2490,0
DA:2493,0
DA:2496,0
DA:2497,0
DA:2499,0
DA:2500,0
DA:2503,0
DA:2504,0
DA:2506,0
DA:2508,0
DA:2511,0
DA:2512,0
DA:2513,0
DA:2516,0
DA:2517,0
DA:2519,0
DA:2520,0
DA:2523,0
DA:2525,0
DA:2528,0
DA:2529,0
DA:2530,0
DA:2533,0
DA:2534,0
DA:2535,0
DA:2536,0
DA:2537,0
DA:2538,0
DA:2539,0
DA:2540,0
DA:2541,0
DA:2542,0
DA:2543,0
DA:2545,1
DA:2546,1
DA:2548,1
DA:2550,2
DA:2551,2
DA:2552,2
DA:2553,2
DA:2580,1
DA:2584,0
DA:2585,0
DA:2587,0
DA:2590,0
DA:2593,0
DA:2594,0
DA:2596,0
DA:2598,0
DA:2600,1
DA:2602,1
DA:2605,1
DA:2614,0
DA:2615,0
DA:2616,0
DA:2617,0
DA:2618,0
DA:2619,0
DA:2620,0
DA:2621,0
DA:2622,0
DA:2623,0
DA:2631,0
DA:2632,0
DA:2636,0
DA:2640,0
DA:2646,0
DA:2647,0
DA:2650,1
DA:2652,0
DA:2653,0
DA:2658,1
DA:2659,2
DA:2660,1
DA:2664,1
DA:2666,2
DA:2667,1
DA:2672,0
DA:2673,0
DA:2674,0
DA:2684,1
DA:2821,1
DA:2843,2
DA:2844,2
DA:2845,2
DA:2846,2
DA:2847,2
DA:2848,2
DA:2851,1
DA:2853,1
DA:2855,1
DA:2856,1
DA:2858,1
DA:2860,1
DA:2861,1
DA:2862,1
DA:2863,1
DA:2864,1
DA:2865,1
DA:2866,1
DA:2867,1
DA:2868,1
DA:2871,1
DA:2872,1
DA:2873,2
DA:2874,2
DA:2875,2
DA:2876,2
DA:2877,2
DA:2878,2
DA:2879,2
DA:2880,2
DA:2881,2
DA:2882,2
DA:2883,2
DA:2884,2
DA:2885,2
DA:2886,2
DA:2887,2
DA:2888,2
DA:2889,2
DA:2891,1
DA:2892,1
DA:2894,1
DA:2896,1
DA:2897,2
DA:2898,2
DA:2899,2
DA:2900,2
DA:2901,1
DA:2902,2
DA:2915,1
DA:3029,0
DA:3052,0
DA:3053,0
DA:3054,0
DA:3055,0
DA:3058,0
DA:3060,0
DA:3062,0
DA:3064,0
DA:3065,0
DA:3066,0
DA:3067,0
DA:3068,0
DA:3069,0
DA:3070,0
DA:3071,0
DA:3072,0
DA:3075,0
DA:3076,0
DA:3078,0
DA:3079,0
DA:3082,0
DA:3083,0
DA:3085,0
DA:3086,0
DA:3089,0
DA:3090,0
DA:3092,0
DA:3093,0
DA:3096,0
DA:3097,0
DA:3099,0
DA:3100,0
DA:3103,0
DA:3104,0
DA:3105,0
DA:3106,0
DA:3107,0
DA:3108,0
DA:3109,0
DA:3110,0
DA:3111,0
DA:3112,0
DA:3113,0
DA:3114,0
DA:3115,0
DA:3116,0
DA:3117,0
DA:3118,0
DA:3119,0
DA:3120,0
DA:3122,0
DA:3123,0
DA:3125,0
DA:3127,0
DA:3128,0
DA:3129,0
DA:3130,0
DA:3131,0
DA:3161,1
DA:3165,1
DA:3166,1
DA:3237,1
DA:3245,2
DA:3248,1
DA:3249,2
DA:3251,0
DA:3252,0
DA:3254,0
DA:3255,0
DA:3257,0
DA:3258,0
DA:3259,0
DA:3260,0
DA:3262,1
DA:3263,1
DA:3265,1
DA:3267,2
DA:3315,1
DA:3320,2
DA:3323,0
DA:3324,0
DA:3326,0
DA:3327,0
DA:3329,0
DA:3330,0
DA:3332,0
DA:3333,0
DA:3336,0
DA:3337,0
DA:3338,0
DA:3339,0
DA:3341,1
DA:3342,1
DA:3344,1
DA:3346,2
DA:3472,1
DA:3483,2
DA:3484,2
DA:3485,2
DA:3488,1
DA:3489,1
DA:3491,1
DA:3493,1
DA:3495,1
DA:3496,1
DA:3498,1
DA:3500,1
DA:3501,2
DA:3502,0
DA:3505,1
DA:3507,1
DA:3510,1
DA:3515,1
DA:3517,1
DA:3518,3
DA:3521,1
DA:3524,1
DA:3525,1
DA:3527,0
DA:3528,0
DA:3531,0
DA:3533,0
DA:3534,0
DA:3535,0
DA:3536,0
DA:3539,1
DA:3541,1
DA:3542,2
DA:3543,2
DA:3544,2
DA:3548,1
DA:3549,4
DA:3552,5
DA:3553,2
DA:3554,3
DA:3557,1
DA:3558,1
DA:3560,1
DA:3562,1
DA:3563,1
DA:3564,2
DA:3565,2
DA:3567,0
DA:3568,0
DA:3569,0
DA:3570,0
DA:3571,0
DA:3596,1
DA:3699,0
DA:3702,0
DA:3703,0
DA:3704,0
DA:3705,0
DA:3710,0
DA:3712,0
DA:3751,1
DA:3760,2
DA:3761,2
DA:3762,2
DA:3765,0
DA:3766,0
DA:3768,0
DA:3769,0
DA:3771,0
DA:3772,0
DA:3775,0
DA:3776,0
DA:3778,0
DA:3779,0
DA:3782,0
DA:3783,0
DA:3785,0
DA:3788,0
DA:3789,0
DA:3791,0
DA:3792,0
DA:3795,0
DA:3796,0
DA:3797,0
DA:3798,0
DA:3799,0
DA:3800,0
DA:3801,0
DA:3803,1
DA:3805,1
DA:3807,0
DA:3809,0
DA:3812,1
DA:3814,2
DA:3815,2
DA:3816,2
DA:3882,0
DA:3893,0
DA:3894,0
DA:3895,0
DA:3898,0
DA:3899,0
DA:3901,0
DA:3902,0
DA:3904,0
DA:3905,0
DA:3907,0
DA:3908,0
DA:3911,0
DA:3912,0
DA:3914,0
DA:3915,0
DA:3918,0
DA:3919,0
DA:3921,0
DA:3922,0
DA:3925,0
DA:3926,0
DA:3927,0
DA:3928,0
DA:3929,0
DA:3930,0
DA:3931,0
DA:3932,0
DA:3933,0
DA:3935,0
DA:3936,0
DA:3938,0
DA:3940,0
DA:3941,0
DA:3942,0
DA:3950,1
DA:3951,2
DA:3954,0
DA:3955,0
DA:3995,1
DA:3999,1
DA:4002,0
DA:4003,0
DA:4005,0
DA:4006,0
DA:4008,1
DA:4009,1
DA:4011,0
DA:4012,0
DA:4015,0
DA:4018,0
DA:4019,0
DA:4020,0
DA:4021,0
DA:4023,1
DA:4024,1
DA:4026,0
DA:4029,0
DA:4030,0
DA:4033,0
DA:4038,0
DA:4040,0
DA:4041,0
DA:4042,0
DA:4046,1
DA:4048,2
DA:4192,1
DA:4211,2
DA:4212,2
DA:4213,2
DA:4214,2
DA:4215,2
DA:4218,1
DA:4219,1
DA:4221,0
DA:4222,0
DA:4225,0
DA:4228,0
DA:4230,1
DA:4232,2
DA:4235,1
DA:4237,1
DA:4238,4
DA:4239,2
DA:4242,1
DA:4243,1
DA:4250,0
DA:4251,0
DA:4252,0
DA:4253,0
DA:4254,0
DA:4255,0
DA:4257,1
DA:4258,1
DA:4260,0
DA:4261,0
DA:4264,1
DA:4265,1
DA:4267,0
DA:4268,0
DA:4269,0
DA:4272,1
DA:4273,1
DA:4275,0
DA:4276,0
DA:4279,0
DA:4280,0
DA:4281,0
DA:4282,0
DA:4283,0
DA:4284,0
DA:4285,0
DA:4286,0
DA:4287,0
DA:4288,0
DA:4289,0
DA:4290,0
DA:4291,0
DA:4292,0
DA:4294,1
DA:4296,1
DA:4298,1
DA:4300,1
DA:4301,2
DA:4302,2
DA:4303,2
DA:4304,2
DA:4305,2
DA:4352,1
DA:4360,2
DA:4361,2
DA:4364,1
DA:4366,1
DA:4369,2
DA:4372,1
DA:4373,2
DA:4375,1
DA:4376,1
DA:4378,0
DA:4379,0
DA:4382,1
DA:4383,1
DA:4385,0
DA:4386,0
DA:4389,0
DA:4390,0
DA:4391,0
DA:4392,0
DA:4393,0
DA:4394,0
DA:4395,0
DA:4397,1
DA:4399,1
DA:4401,1
DA:4403,2
DA:4404,2
DA:4452,1
DA:4458,2
DA:4459,2
DA:4462,1
DA:4463,2
DA:4465,1
DA:4467,2
DA:4469,1
DA:4471,1
DA:4472,1
DA:4474,2
DA:4477,1
DA:4478,1
DA:4480,0
DA:4481,0
DA:4484,1
DA:4485,1
DA:4487,0
DA:4488,0
DA:4491,0
DA:4492,0
DA:4493,0
DA:4494,0
DA:4495,0
DA:4497,1
DA:4498,1
DA:4500,1
DA:4502,2
DA:4503,2
DA:4524,0
DA:4527,0
DA:4530,0
DA:4531,0
DA:4533,0
DA:4534,0
DA:4536,0
DA:4537,0
DA:4540,0
DA:4541,0
DA:4543,0
DA:4546,0
DA:4548,0
DA:4550,0
DA:4552,0
DA:4554,0
DA:4556,0
DA:4559,0
DA:4561,0
DA:4601,0
DA:4605,0
DA:4608,0
DA:4609,0
DA:4611,0
DA:4612,0
DA:4614,0
DA:4615,0
DA:4616,0
DA:4617,0
DA:4619,0
DA:4621,0
DA:4624,0
DA:4671,1
DA:4676,2
DA:4679,0
DA:4680,0
DA:4682,0
DA:4683,0
DA:4685,0
DA:4686,0
DA:4688,0
DA:4689,0
DA:4692,0
DA:4693,0
DA:4694,0
DA:4695,0
DA:4696,0
DA:4698,1
DA:4699,1
DA:4701,1
DA:4703,1
DA:4753,0
DA:4755,0
DA:4756,0
DA:4757,0
DA:4758,0
DA:4759,0
DA:4760,0
DA:4761,0
DA:4763,0
DA:4765,0
DA:4767,0
DA:4769,0
DA:4771,0
DA:4779,0
DA:4783,0
DA:4820,1
DA:4886,1
DA:4893,2
DA:4896,0
DA:4899,0
DA:4902,0
DA:4903,0
DA:4905,0
DA:4906,0
DA:4908,0
DA:4910,0
DA:4913,0
DA:4914,0
DA:4916,0
DA:4917,0
DA:4919,0
DA:4920,0
DA:4922,0
DA:4923,0
DA:4926,0
DA:4927,0
DA:4928,0
DA:4929,0
DA:4930,0
DA:4932,1
DA:4933,1
DA:4935,1
DA:4937,1
DA:4938,2
DA:4976,1
DA:4981,2
DA:4984,0
DA:4985,0
DA:4987,0
DA:4990,0
DA:4993,0
DA:4994,0
DA:4997,0
DA:4998,0
DA:4999,0
DA:5005,0
DA:5008,0
DA:5009,0
DA:5010,0
DA:5011,0
DA:5012,0
DA:5014,1
DA:5016,1
DA:5018,0
DA:5021,0
DA:5022,0
DA:5023,0
DA:5026,0
DA:5031,0
DA:5032,0
DA:5035,0
DA:5036,0
DA:5037,0
DA:5038,0
DA:5040,0
DA:5043,0
DA:5044,0
DA:5046,0
DA:5051,1
DA:5053,2
DA:5096,1
DA:5103,2
DA:5104,2
DA:5107,1
DA:5108,2
DA:5110,0
DA:5113,0
DA:5114,0
DA:5116,1
DA:5118,2
DA:5120,1
DA:5121,1
DA:5123,0
DA:5124,0
DA:5127,1
DA:5129,1
DA:5130,1
DA:5132,2
DA:5135,0
DA:5136,0
DA:5138,0
DA:5139,0
DA:5141,0
DA:5142,0
DA:5144,1
DA:5145,2
DA:5147,1
DA:5148,2
DA:5150,1
DA:5151,1
DA:5153,0
DA:5154,0
DA:5157,0
DA:5160,0
DA:5161,0
DA:5162,0
DA:5163,0
DA:5164,0
DA:5166,1
DA:5168,1
DA:5170,1
DA:5172,2
DA:5173,2
DA:5198,1
DA:5203,1
DA:5204,1
DA:5206,1
DA:5207,1
DA:5259,0
DA:5269,0
DA:5270,0
DA:5273,0
DA:5274,0
DA:5276,0
DA:5277,0
DA:5279,0
DA:5280,0
DA:5283,0
DA:5284,0
DA:5286,0
DA:5287,0
DA:5290,0
DA:5291,0
DA:5293,0
DA:5294,0
DA:5295,0
DA:5296,0
DA:5297,0
DA:5298,0
DA:5299,0
DA:5300,0
DA:5301,0
DA:5303,0
DA:5304,0
DA:5306,0
DA:5308,0
DA:5309,0
DA:5328,0
DA:5331,0
DA:5334,0
DA:5335,0
DA:5337,0
DA:5338,0
DA:5340,0
DA:5341,0
DA:5343,0
DA:5346,0
DA:5348,0
DA:5349,0
DA:5351,0
DA:5353,0
DA:5381,1
DA:5386,1
DA:5387,1
DA:5389,1
DA:5390,1
DA:5392,0
DA:5394,0
DA:5396,1
DA:5397,1
DA:5399,1
DA:5401,1
DA:5404,1
DA:5428,1
DA:5432,1
DA:5433,1
DA:5435,1
DA:5436,1
DA:5438,0
DA:5440,0
DA:5442,1
DA:5443,1
DA:5445,0
DA:5447,0
DA:5449,1
DA:5469,0
DA:5473,0
DA:5474,0
DA:5476,0
DA:5477,0
DA:5479,0
DA:5480,0
DA:5482,0
DA:5484,0
DA:5486,0
DA:5487,0
DA:5489,0
DA:5524,0
DA:5529,0
DA:5530,0
DA:5531,0
DA:5534,0
DA:5536,0
DA:5538,0
DA:5539,0
DA:5541,0
DA:5542,0
DA:5543,0
DA:5544,0
DA:5545,0
DA:5547,0
DA:5549,0
DA:5552,0
DA:5554,0
DA:5555,0
DA:5556,0
DA:5615,1
DA:5622,2
DA:5625,0
DA:5628,0
DA:5630,0
DA:5632,0
DA:5634,1
DA:5635,2
DA:5637,1
DA:5638,2
DA:5640,0
DA:5641,0
DA:5642,0
DA:5643,0
DA:5644,0
DA:5646,1
DA:5648,1
DA:5650,1
DA:5652,1
DA:5653,1
DA:5743,1
DA:5760,2
DA:5761,2
DA:5762,2
DA:5763,2
DA:5764,2
DA:5767,1
DA:5768,1
DA:5770,0
DA:5772,0
DA:5774,1
DA:5775,1
DA:5777,1
DA:5778,2
DA:5780,1
DA:5781,1
DA:5783,0
DA:5784,0
DA:5787,1
DA:5788,1
DA:5790,1
DA:5791,1
DA:5793,0
DA:5794,0
DA:5797,1
DA:5798,1
DA:5800,0
DA:5801,0
DA:5804,0
DA:5806,0
DA:5807,0
DA:5808,0
DA:5809,0
DA:5810,0
DA:5811,0
DA:5812,0
DA:5813,0
DA:5814,0
DA:5815,0
DA:5816,0
DA:5817,0
DA:5819,1
DA:5820,1
DA:5822,1
DA:5824,1
DA:5825,1
DA:5826,1
DA:5827,1
DA:5828,2
DA:5829,2
DA:5864,1
DA:5874,1
DA:5876,1
DA:5879,1
DA:5880,1
DA:5882,1
DA:5884,1
DA:5886,0
DA:5887,0
DA:5888,0
DA:5889,0
DA:5890,0
DA:5891,0
DA:5892,0
DA:5894,1
DA:5895,1
DA:5897,1
DA:5899,2
DA:5900,1
DA:5901,2
DA:6031,1
DA:6038,2
DA:6041,0
DA:6043,0
DA:6046,0
DA:6049,1
DA:6051,1
DA:6054,2
DA:6057,0
DA:6058,0
DA:6060,0
DA:6061,0
DA:6064,1
DA:6065,3
DA:6067,1
DA:6068,1
DA:6070,1
DA:6071,4
DA:6073,0
DA:6074,0
DA:6075,0
DA:6076,0
DA:6077,0
DA:6078,0
DA:6079,0
DA:6081,1
DA:6083,1
DA:6085,0
DA:6087,0
DA:6089,1
DA:6091,2
DA:6099,1
DA:6102,1
DA:6103,2
DA:6104,1
DA:6109,1
DA:6111,1
DA:6114,0
DA:6117,1
DA:6119,1
DA:6120,1
DA:6121,1
DA:6122,1
DA:6123,0
DA:6124,0
DA:6126,1
DA:6128,1
DA:6129,2
DA:6130,1
DA:6131,1
DA:6135,1
DA:6136,0
DA:6137,0
DA:6139,1
DA:6143,0
DA:6144,1
DA:6146,0
DA:6151,1
DA:6152,1
DA:6154,1
DA:6162,1
DA:6167,1
DA:6172,1
DA:6174,1
DA:6176,1
DA:6177,0
DA:6181,1
DA:6183,1
DA:6184,0
DA:6185,0
DA:6188,1
DA:6189,0
DA:6192,1
DA:6194,1
DA:6195,0
DA:6198,1
DA:6199,1
DA:6200,2
DA:6204,1
DA:6205,1
DA:6206,1
DA:6207,1
DA:6208,1
DA:6209,1
DA:6210,1
DA:6211,1
DA:6216,1
DA:6224,1
DA:6227,1
DA:6228,1
DA:6229,0
DA:6231,1
DA:6234,1
DA:6237,1
DA:6239,1
DA:6240,1
DA:6258,1
DA:6261,1
DA:6286,1
DA:6290,2
DA:6293,0
DA:6294,0
DA:6296,0
DA:6298,0
DA:6301,0
DA:6304,1
DA:6305,1
DA:6307,0
DA:6308,0
DA:6311,0
DA:6313,0
DA:6315,0
DA:6316,0
DA:6317,0
DA:6318,0
DA:6320,1
DA:6321,1
DA:6323,1
DA:6325,2
DA:6348,1
DA:6352,2
DA:6355,0
DA:6356,0
DA:6358,0
DA:6359,0
DA:6361,1
DA:6362,1
DA:6364,0
DA:6365,0
DA:6368,0
DA:6369,0
DA:6370,0
DA:6371,0
DA:6373,1
DA:6374,1
DA:6376,1
DA:6378,2
DA:6457,1
DA:6470,2
DA:6471,2
DA:6472,2
DA:6475,0
DA:6478,0
DA:6480,1
DA:6481,1
DA:6483,1
DA:6485,2
DA:6487,1
DA:6488,1
DA:6490,1
DA:6491,1
DA:6493,0
DA:6494,0
DA:6497,0
DA:6498,0
DA:6499,0
DA:6500,0
DA:6501,0
DA:6502,0
DA:6503,0
DA:6504,0
DA:6505,0
DA:6506,0
DA:6508,1
DA:6510,1
DA:6512,1
DA:6514,1
DA:6515,2
DA:6516,2
DA:6517,2
DA:6540,1
DA:6544,2
DA:6547,0
DA:6548,0
DA:6550,0
DA:6551,0
DA:6553,0
DA:6554,0
DA:6555,0
DA:6556,0
DA:6558,1
DA:6560,1
DA:6563,1
DA:6565,2
DA:6635,0
DA:6643,0
DA:6644,0
DA:6645,0
DA:6648,0
DA:6649,0
DA:6651,0
DA:6652,0
DA:6655,0
DA:6656,0
DA:6658,0
DA:6661,0
DA:6663,0
DA:6664,0
DA:6666,0
DA:6668,0
DA:6669,0
DA:6670,0
DA:6673,0
DA:6676,0
DA:6677,0
DA:6679,0
DA:6680,0
DA:6683,0
DA:6684,0
DA:6685,0
DA:6686,0
DA:6687,0
DA:6688,0
DA:6690,0
DA:6692,0
DA:6695,0
DA:6697,0
DA:6700,0
DA:6702,0
DA:6703,0
DA:6704,0
DA:6794,1
DA:6809,2
DA:6810,2
DA:6811,2
DA:6812,2
DA:6815,0
DA:6818,0
DA:6820,1
DA:6821,1
DA:6823,1
DA:6825,2
DA:6827,0
DA:6828,0
DA:6829,0
DA:6830,0
DA:6831,0
DA:6832,0
DA:6833,0
DA:6834,0
DA:6835,0
DA:6836,0
DA:6837,0
DA:6838,0
DA:6839,0
DA:6841,1
DA:6843,1
DA:6846,1
DA:6848,1
DA:6849,2
DA:6850,2
DA:6851,2
DA:6852,2
DA:6930,1
DA:6941,2
DA:6944,1
DA:6947,0
DA:6950,0
DA:6951,0
DA:6953,1
DA:6954,1
DA:6956,0
DA:6957,0
DA:6960,1
DA:6962,3
DA:6963,3
DA:6964,2
DA:6967,1
DA:6968,1
DA:6970,0
DA:6971,0
DA:6972,0
DA:6973,0
DA:6974,0
DA:6975,0
DA:6976,0
DA:6977,0
DA:6978,0
DA:6980,1
DA:6981,1
DA:6983,1
DA:6985,1
DA:6986,2
DA:7074,1
DA:7090,2
DA:7091,2
DA:7092,2
DA:7095,1
DA:7097,1
DA:7100,1
DA:7102,3
DA:7105,1
DA:7107,1
DA:7108,1
DA:7109,1
DA:7110,1
DA:7111,1
DA:7113,0
DA:7114,0
DA:7116,0
DA:7117,0
DA:7119,0
DA:7120,0
DA:7122,1
DA:7123,1
DA:7125,1
DA:7126,1
DA:7128,0
DA:7129,0
DA:7132,1
DA:7133,1
DA:7135,0
DA:7136,0
DA:7139,1
DA:7140,1
DA:7142,0
DA:7143,0
DA:7146,0
DA:7147,0
DA:7148,0
DA:7149,0
DA:7150,0
DA:7151,0
DA:7152,0
DA:7153,0
DA:7154,0
DA:7156,1
DA:7158,1
DA:7160,1
DA:7162,1
DA:7163,1
DA:7164,1
DA:7165,1
DA:7186,1
DA:7190,2
DA:7193,0
DA:7194,0
DA:7196,0
DA:7197,0
DA:7199,0
DA:7200,0
DA:7202,0
DA:7203,0
DA:7206,0
DA:7207,0
DA:7208,0
DA:7209,0
DA:7211,1
DA:7213,2
DA:7233,1
DA:7238,2
DA:7241,0
DA:7242,0
DA:7244,0
DA:7245,0
DA:7247,0
DA:7248,0
DA:7251,0
DA:7252,0
DA:7253,0
DA:7254,0
DA:7256,1
DA:7258,1
DA:7260,1
DA:7262,2
DA:7263,1
DA:7283,0
DA:7288,0
DA:7291,0
DA:7292,0
DA:7294,0
DA:7295,0
DA:7297,0
DA:7298,0
DA:7301,0
DA:7302,0
DA:7303,0
DA:7304,0
DA:7306,0
DA:7308,0
DA:7310,0
DA:7312,0
DA:7313,0
DA:7345,1
DA:7352,2
DA:7353,2
DA:7356,0
DA:7358,0
DA:7359,0
DA:7361,0
DA:7366,0
DA:7367,0
DA:7368,0
DA:7373,0
DA:7374,0
DA:7376,0
DA:7377,0
DA:7378,0
DA:7379,0
DA:7380,0
DA:7381,0
DA:7383,1
DA:7385,1
DA:7387,1
DA:7389,2
DA:7390,2
DA:7391,1
DA:7437,1
DA:7446,2
DA:7447,2
DA:7450,0
DA:7451,0
DA:7453,0
DA:7454,0
DA:7456,0
DA:7457,0
DA:7460,0
DA:7461,0
DA:7463,0
DA:7464,0
DA:7466,0
DA:7467,0
DA:7470,0
DA:7471,0
DA:7472,0
DA:7473,0
DA:7474,0
DA:7475,0
DA:7476,0
DA:7477,0
DA:7479,1
DA:7480,1
DA:7482,0
DA:7485,0
DA:7486,0
DA:7489,1
DA:7491,2
DA:7492,2
DA:7596,1
DA:7599,1
DA:7601,1
DA:7602,2
DA:7604,0
DA:7605,0
DA:7607,0
DA:7608,0
DA:7610,0
DA:7611,0
DA:7613,0
DA:7614,0
DA:7616,0
DA:7617,0
DA:7619,0
DA:7620,0
DA:7622,0
DA:7623,0
DA:7713,1
DA:7720,2
DA:7723,1
DA:7724,1
DA:7726,1
DA:7727,1
DA:7729,1
DA:7731,2
DA:7732,1
DA:7733,2
DA:7734,4
DA:7739,1
DA:7742,2
DA:7744,1
DA:7745,1
DA:7747,0
DA:7750,0
DA:7751,0
DA:7752,0
DA:7753,0
DA:7754,0
DA:7755,0
DA:7756,0
DA:7759,0
DA:7762,0
DA:7763,0
DA:7766,1
DA:7767,1
DA:7769,1
DA:7771,2
DA:7810,1
DA:7816,2
DA:7817,2
DA:7820,0
DA:7821,0
DA:7823,0
DA:7824,0
DA:7826,0
DA:7827,0
DA:7830,0
DA:7831,0
DA:7833,0
DA:7834,0
DA:7836,0
DA:7837,0
DA:7838,0
DA:7839,0
DA:7840,0
DA:7841,0
DA:7843,1
DA:7845,2
DA:7846,2
DA:7868,1
DA:7875,2
DA:7878,0
DA:7879,0
DA:7881,0
DA:7882,0
DA:7884,0
DA:7885,0
DA:7886,0
DA:7889,0
DA:7890,0
DA:7891,0
DA:7892,0
DA:7894,1
DA:7896,1
DA:7898,1
DA:7900,2
DA:7901,1
DA:7927,1
DA:7934,2
DA:7937,0
DA:7938,0
DA:7940,0
DA:7941,0
DA:7943,0
DA:7944,0
DA:7947,0
DA:7948,0
DA:7949,0
DA:7950,0
DA:7952,1
DA:7954,1
DA:7956,1
DA:7958,1
DA:7959,1
DA:7978,0
DA:7985,0
DA:7988,0
DA:7989,0
DA:7991,0
DA:7992,0
DA:7993,0
DA:7994,0
DA:7996,0
DA:7997,0
DA:7999,0
DA:8001,0
DA:8002,0
DA:8057,1
DA:8066,2
DA:8067,2
DA:8070,0
DA:8071,0
DA:8073,0
DA:8074,0
DA:8076,0
DA:8077,0
DA:8080,0
DA:8081,0
DA:8083,0
DA:8084,0
DA:8086,0
DA:8087,0
DA:8090,0
DA:8091,0
DA:8092,0
DA:8093,0
DA:8094,0
DA:8095,0
DA:8096,0
DA:8097,0
DA:8099,1
DA:8100,1
DA:8102,1
DA:8104,2
DA:8105,2
DA:8168,1
DA:8171,1
DA:8174,1
DA:8177,0
DA:8180,0
DA:8183,0
DA:8185,0
DA:8186,0
DA:8188,0
DA:8191,0
DA:8195,0
DA:8196,0
DA:8197,0
DA:8198,0
DA:8199,0
DA:8200,0
DA:8299,1
DA:8310,2
DA:8311,2
DA:8314,1
DA:8317,2
DA:8323,1
DA:8324,2
DA:8326,1
DA:8328,1
DA:8329,1
DA:8330,2
DA:8331,0
DA:8332,0
DA:8335,1
DA:8336,1
DA:8338,0
DA:8339,0
DA:8342,1
DA:8343,3
DA:8345,1
DA:8346,3
DA:8348,1
DA:8349,1
DA:8351,0
DA:8352,0
DA:8355,0
DA:8356,0
DA:8357,0
DA:8358,0
DA:8359,0
DA:8360,0
DA:8361,0
DA:8362,0
DA:8364,1
DA:8365,1
DA:8367,1
DA:8369,1
DA:8370,2
DA:8371,2
DA:8386,1
DA:8389,2
DA:8392,0
DA:8393,0
DA:8395,0
DA:8396,0
DA:8398,1
DA:8399,1
DA:8401,0
DA:8402,0
DA:8405,0
DA:8407,0
DA:8409,1
DA:8411,1
DA:8413,1
DA:8415,2
DA:8470,1
DA:8477,2
DA:8478,2
DA:8479,2
DA:8482,1
DA:8484,1
DA:8485,0
DA:8486,1
DA:8487,1
DA:8489,0
DA:8492,1
DA:8493,1
DA:8495,0
DA:8496,0
DA:8499,1
DA:8501,2
DA:8504,1
DA:8505,1
DA:8507,0
DA:8508,0
DA:8511,0
DA:8514,1
DA:8515,1
DA:8517,0
DA:8518,0
DA:8521,0
DA:8522,0
DA:8523,0
DA:8524,0
DA:8525,0
DA:8527,1
DA:8528,1
DA:8530,1
DA:8532,1
DA:8535,1
DA:8537,2
DA:8538,2
DA:8539,2
DA:8580,1
DA:8585,2
DA:8588,0
DA:8589,0
DA:8591,0
DA:8594,0
DA:8597,0
DA:8598,0
DA:8600,1
DA:8601,1
DA:8603,0
DA:8604,0
DA:8607,0
DA:8610,0
DA:8611,0
DA:8612,0
DA:8613,0
DA:8614,0
DA:8616,0
DA:8617,0
DA:8619,0
DA:8621,0
DA:8623,0
DA:8625,0
DA:8628,0
DA:8630,0
DA:8631,0
DA:8632,0
DA:8635,0
DA:8637,0
DA:8678,0
DA:8683,0
DA:8684,0
DA:8687,0
DA:8688,0
DA:8690,0
DA:8691,0
DA:8693,0
DA:8694,0
DA:8696,0
DA:8697,0
DA:8700,0
DA:8702,0
DA:8704,0
DA:8705,0
DA:8707,0
DA:8708,0
DA:8711,0
DA:8712,0
DA:8713,0
DA:8714,0
DA:8716,0
DA:8717,0
DA:8719,0
DA:8721,0
DA:8724,0
DA:8726,0
DA:8727,0
DA:8778,0
DA:8791,0
DA:8792,0
DA:8793,0
DA:8796,0
DA:8799,0
DA:8801,0
DA:8802,0
DA:8804,0
DA:8805,0
DA:8808,0
DA:8809,0
DA:8811,0
DA:8812,0
DA:8815,0
DA:8816,0
DA:8818,0
DA:8819,0
DA:8822,0
DA:8823,0
DA:8824,0
DA:8825,0
DA:8826,0
DA:8827,0
DA:8828,0
DA:8829,0
DA:8830,0
DA:8832,0
DA:8833,0
DA:8835,0
DA:8837,0
DA:8838,0
DA:8839,0
DA:8840,0
DA:8889,1
DA:8902,2
DA:8903,2
DA:8904,2
DA:8907,1
DA:8908,3
DA:8910,1
DA:8912,5
DA:8914,0
DA:8917,0
DA:8920,1
DA:8923,1
DA:8924,1
DA:8926,1
DA:8927,1
DA:8929,0
DA:8930,0
DA:8933,1
DA:8934,1
DA:8936,0
DA:8937,0
DA:8940,1
DA:8941,1
DA:8943,0
DA:8944,0
DA:8947,0
DA:8948,0
DA:8949,0
DA:8950,0
DA:8951,0
DA:8953,1
DA:8955,1
DA:8957,1
DA:8959,1
DA:8960,2
DA:8961,1
DA:8962,2
DA:9033,1
DA:9042,2
DA:9043,2
DA:9044,2
DA:9047,1
DA:9048,2
DA:9050,1
DA:9051,3
DA:9053,1
DA:9054,1
DA:9056,0
DA:9057,0
DA:9060,1
DA:9061,1
DA:9063,0
DA:9064,0
DA:9067,1
DA:9068,1
DA:9070,0
DA:9071,0
DA:9074,0
DA:9075,0
DA:9076,0
DA:9077,0
DA:9078,0
DA:9079,0
DA:9080,0
DA:9082,1
DA:9084,1
DA:9087,1
DA:9089,2
DA:9090,2
DA:9091,2
DA:9136,1
DA:9148,2
DA:9149,2
DA:9152,0
DA:9154,0
DA:9156,0
DA:9158,0
DA:9159,0
DA:9162,0
DA:9163,0
DA:9166,1
DA:9167,1
DA:9169,0
DA:9170,0
DA:9173,1
DA:9174,1
DA:9176,0
DA:9177,0
DA:9180,0
DA:9181,0
DA:9182,0
DA:9183,0
DA:9184,0
DA:9185,0
DA:9186,0
DA:9187,0
DA:9188,0
DA:9190,1
DA:9192,1
DA:9195,1
DA:9197,1
DA:9198,2
DA:9199,2
DA:9226,1
DA:9230,2
DA:9231,2
DA:9234,0
DA:9235,0
DA:9237,0
DA:9238,0
DA:9240,0
DA:9241,0
DA:9242,0
DA:9243,0
DA:9245,1
DA:9246,1
DA:9248,1
DA:9250,2
DA:9251,2
DA:9270,1
DA:9274,2
DA:9277,1
DA:9278,2
DA:9280,1
DA:9281,1
DA:9283,0
DA:9284,0
DA:9285,0
DA:9286,0
DA:9288,1
DA:9289,1
DA:9291,1
DA:9293,2
DA:9323,4
DA:9328,1
DA:9331,2
DA:9334,1
DA:9393,1
DA:9405,2
DA:9406,2
DA:9407,2
DA:9408,2
DA:9411,0
DA:9412,0
DA:9414,0
DA:9415,0
DA:9418,0
DA:9419,0
DA:9421,0
DA:9422,0
DA:9425,0
DA:9426,0
DA:9428,1
DA:9429,1
DA:9431,0
DA:9432,0
DA:9434,0
DA:9435,0
DA:9437,0
DA:9438,0
DA:9440,0
DA:9441,0
DA:9444,0
DA:9445,0
DA:9446,0
DA:9447,0
DA:9448,0
DA:9449,0
DA:9450,0
DA:9451,0
DA:9452,0
DA:9453,0
DA:9455,1
DA:9456,1
DA:9458,0
DA:9461,0
DA:9462,0
DA:9465,1
DA:9467,2
DA:9468,1
DA:9469,2
DA:9470,2
DA:9554,1
DA:9566,2
DA:9567,2
DA:9568,2
DA:9569,2
DA:9572,0
DA:9573,0
DA:9575,0
DA:9576,0
DA:9579,0
DA:9580,0
DA:9582,0
DA:9583,0
DA:9586,0
DA:9588,0
DA:9589,0
DA:9591,0
DA:9594,0
DA:9595,0
DA:9597,0
DA:9598,0
DA:9600,0
DA:9601,0
DA:9603,0
DA:9604,0
DA:9606,0
DA:9607,0
DA:9610,0
DA:9611,0
DA:9612,0
DA:9613,0
DA:9614,0
DA:9615,0
DA:9616,0
DA:9617,0
DA:9618,0
DA:9619,0
DA:9621,1
DA:9622,1
DA:9624,1
DA:9626,2
DA:9627,2
DA:9628,2
DA:9629,2
DA:9653,1
DA:9657,2
DA:9660,0
DA:9661,0
DA:9663,0
DA:9664,0
DA:9666,1
DA:9667,1
DA:9669,0
DA:9671,0
DA:9672,0
DA:9673,0
DA:9675,1
DA:9676,1
DA:9678,1
DA:9680,2
DA:9722,0
DA:9729,0
DA:9730,0
DA:9733,0
DA:9734,0
DA:9736,0
DA:9738,0
DA:9740,0
DA:9741,0
DA:9743,0
DA:9744,0
DA:9746,0
DA:9747,0
DA:9750,0
DA:9752,0
DA:9754,0
DA:9755,0
DA:9757,0
DA:9758,0
DA:9761,0
DA:9762,0
DA:9763,0
DA:9764,0
DA:9766,0
DA:9768,0
DA:9771,0
DA:9773,0
DA:9776,0
DA:9778,0
DA:9779,0
DA:9842,1
DA:9854,2
DA:9857,1
DA:9859,1
DA:9861,1
DA:9862,1
DA:9864,1
DA:9866,1
DA:9868,1
DA:9869,1
DA:9871,0
DA:9872,0
DA:9875,0
DA:9876,0
DA:9877,0
DA:9878,0
DA:9879,0
DA:9880,0
DA:9881,0
DA:9882,0
DA:9883,0
DA:9884,0
DA:9886,1
DA:9887,1
DA:9889,1
DA:9891,1
DA:9892,2
DA:9893,2
DA:9894,2
DA:9903,0
DA:9907,0
DA:9908,0
DA:9909,0
DA:9913,0
DA:9917,0
DA:9920,0
DA:9921,0
DA:9928,0
DA:9929,0
DA:9930,0
DA:9933,0
DA:9934,0
DA:9935,0
DA:9936,0
DA:9937,0
DA:9940,0
DA:9941,0
DA:9942,0
DA:9985,1
DA:9990,1
DA:9991,1
DA:9993,0
DA:9996,0
DA:9997,0
DA:9998,0
DA:9999,0
DA:10000,0
DA:10001,0
DA:10007,0
DA:10008,0
DA:10010,0
DA:10011,0
DA:10012,0
DA:10013,0
DA:10015,1
DA:10017,1
DA:10020,1
DA:10119,0
DA:10126,0
DA:10131,1
DA:10139,2
DA:10140,2
DA:10143,0
DA:10145,0
DA:10146,0
DA:10148,0
DA:10151,0
DA:10153,0
DA:10155,0
DA:10156,0
DA:10158,0
DA:10159,0
DA:10161,0
DA:10162,0
DA:10165,1
DA:10168,0
DA:10169,0
DA:10171,0
DA:10173,0
DA:10174,0
DA:10176,0
DA:10177,0
DA:10178,0
DA:10179,0
DA:10182,0
DA:10185,0
DA:10187,0
DA:10188,0
DA:10190,0
DA:10193,1
DA:10194,1
DA:10196,0
DA:10197,0
DA:10203,0
DA:10205,0
DA:10206,0
DA:10212,0
DA:10213,0
DA:10214,0
DA:10215,0
DA:10216,0
DA:10217,0
DA:10218,0
DA:10220,0
DA:10221,0
DA:10227,0
DA:10228,0
DA:10230,0
DA:10231,0
DA:10232,0
DA:10235,0
DA:10236,0
DA:10237,0
DA:10240,0
DA:10245,1
DA:10246,1
DA:10248,0
DA:10251,0
DA:10252,0
DA:10254,0
DA:10255,0
DA:10262,0
DA:10265,0
DA:10266,0
DA:10267,0
DA:10268,0
DA:10269,0
DA:10270,0
DA:10271,0
DA:10276,0
DA:10278,0
DA:10281,1
DA:10283,2
DA:10284,2
DA:10287,0
DA:10289,0
DA:10336,1
DA:10344,2
DA:10345,2
DA:10346,2
DA:10349,1
DA:10350,1
DA:10352,0
DA:10353,0
DA:10356,1
DA:10357,3
DA:10359,1
DA:10360,1
DA:10362,0
DA:10363,0
DA:10366,1
DA:10367,2
DA:10369,1
DA:10371,1
DA:10372,3
DA:10374,1
DA:10379,2
DA:10381,0
DA:10390,0
DA:10392,0
DA:10393,0
DA:10396,0
DA:10397,0
DA:10398,0
DA:10399,0
DA:10400,0
DA:10401,0
DA:10403,1
DA:10405,1
DA:10407,1
DA:10409,1
DA:10412,1
DA:10414,2
DA:10415,1
DA:10416,2
DA:10449,1
DA:10454,1
DA:10455,1
DA:10457,1
DA:10458,1
DA:10465,1
DA:10466,1
DA:10467,1
DA:10468,0
DA:10471,0
DA:10473,0
DA:10475,1
DA:10476,1
DA:10478,1
DA:10480,1
DA:10483,1
DA:10488,0
DA:10491,0
DA:10495,0
DA:10502,0
DA:10503,0
DA:10508,0
DA:10514,0
DA:10516,0
DA:10524,1
DA:10532,0
DA:10533,1
DA:10541,0
DA:10542,0
DA:10587,1
DA:10592,2
DA:10595,0
DA:10596,0
DA:10598,0
DA:10599,0
DA:10601,0
DA:10602,0
DA:10604,0
DA:10605,0
DA:10608,0
DA:10609,0
DA:10610,0
DA:10611,0
DA:10612,0
DA:10614,1
DA:10616,1
DA:10618,1
DA:10620,2
DA:10652,1
DA:10657,1
DA:10658,1
DA:10660,0
DA:10661,0
DA:10663,0
DA:10664,0
DA:10666,1
DA:10667,1
DA:10669,0
DA:10670,0
DA:10672,0
DA:10674,0
DA:10676,0
DA:10677,0
DA:10678,0
DA:10679,0
DA:10682,1
DA:10683,1
DA:10685,1
DA:10744,1
DA:10749,2
DA:10750,2
DA:10753,1
DA:10754,1
DA:10756,0
DA:10757,0
DA:10760,1
DA:10761,1
DA:10763,1
DA:10764,2
DA:10800,1
DA:10807,2
DA:10808,2
DA:10811,0
DA:10812,0
DA:10814,0
DA:10815,0
DA:10817,0
DA:10818,0
DA:10820,0
DA:10821,0
DA:10824,0
DA:10827,0
DA:10828,0
DA:10830,0
DA:10831,0
DA:10834,0
DA:10835,0
DA:10836,0
DA:10837,0
DA:10838,0
DA:10839,0
DA:10841,1
DA:10842,1
DA:10844,0
DA:10846,0
DA:10849,1
DA:10851,2
DA:10852,2
DA:10887,0
DA:10891,0
DA:10892,0
DA:10895,0
DA:10897,0
DA:10898,0
DA:10900,0
DA:10903,0
DA:10904,0
DA:10906,0
DA:10907,0
DA:10909,0
DA:10910,0
DA:10912,0
DA:10913,0
DA:10916,0
DA:10917,0
DA:10919,0
DA:10920,0
DA:10921,0
DA:10922,0
DA:10924,0
DA:10925,0
DA:10927,0
DA:10929,0
DA:10930,0
DA:10941,1
DA:10945,2
DA:10948,0
DA:10949,0
DA:10951,0
DA:10952,0
DA:10954,1
DA:10955,1
DA:10957,0
DA:10958,0
DA:10961,0
DA:10962,0
DA:10963,0
DA:10964,0
DA:10966,1
DA:10967,1
DA:10969,1
DA:10971,2
DA:11014,1
DA:11021,2
DA:11024,1
DA:11026,1
DA:11029,1
DA:11031,1
DA:11033,1
DA:11034,1
DA:11036,1
DA:11037,1
DA:11039,0
DA:11040,0
DA:11043,1
DA:11044,1
DA:11046,0
DA:11047,0
DA:11048,0
DA:11049,0
DA:11050,0
DA:11052,1
DA:11053,1
DA:11055,1
DA:11057,1
DA:11058,2
DA:11076,1
DA:11079,2
DA:11082,1
DA:11083,2
DA:11085,1
DA:11086,1
DA:11088,1
DA:11089,2
DA:11091,1
DA:11093,1
DA:11095,2
DA:11096,2
DA:11097,2
DA:11099,1
DA:11103,2
DA:11105,2
DA:11108,0
DA:11111,0
DA:11114,0
DA:11117,0
DA:11119,1
DA:11120,1
DA:11122,0
DA:11124,0
DA:11127,1
DA:11129,2
DA:11167,1
DA:11174,2
DA:11177,1
DA:11179,1
DA:11182,1
DA:11184,1
DA:11186,1
DA:11189,1
DA:11190,1
DA:11192,1
DA:11193,1
DA:11195,0
DA:11197,0
DA:11198,0
DA:11199,0
DA:11200,0
DA:11202,1
DA:11203,1
DA:11205,1
DA:11207,1
DA:11210,1
DA:11212,1
DA:11213,2
DA:11261,0
DA:11267,0
DA:11268,0
DA:11271,0
DA:11272,0
DA:11274,0
DA:11275,0
DA:11277,0
DA:11278,0
DA:11280,0
DA:11283,0
DA:11284,0
DA:11285,0
DA:11286,0
DA:11287,0
DA:11288,0
DA:11290,0
DA:11291,0
DA:11293,0
DA:11295,0
DA:11297,0
DA:11298,0
DA:11299,0
DA:11301,0
DA:11304,0
DA:11309,0
DA:11310,0
DA:11311,0
DA:11312,0
DA:11316,0
DA:11318,0
DA:11319,0
DA:11336,0
DA:11374,0
DA:11379,0
DA:11380,0
DA:11383,0
DA:11384,0
DA:11386,0
DA:11387,0
DA:11389,0
DA:11392,0
DA:11393,0
DA:11394,0
DA:11395,0
DA:11396,0
DA:11398,0
DA:11399,0
DA:11401,0
DA:11404,0
DA:11405,0
DA:11408,0
DA:11413,0
DA:11414,0
DA:11415,0
DA:11416,0
DA:11420,0
DA:11422,0
DA:11423,0
DA:11453,1
DA:11458,2
DA:11459,2
DA:11462,0
DA:11463,0
DA:11465,0
DA:11466,0
DA:11468,0
DA:11471,0
DA:11472,0
DA:11473,0
DA:11474,0
DA:11475,0
DA:11477,1
DA:11478,1
DA:11480,0
DA:11483,0
DA:11484,0
DA:11487,0
DA:11492,0
DA:11493,0
DA:11494,0
DA:11495,0
DA:11496,0
DA:11500,1
DA:11502,2
DA:11503,2
DA:11546,1
DA:11554,2
DA:11555,2
DA:11558,0
DA:11559,0
DA:11561,0
DA:11562,0
DA:11564,1
DA:11565,1
DA:11567,0
DA:11568,0
DA:11571,1
DA:11572,1
DA:11574,0
DA:11575,0
DA:11578,0
DA:11579,0
DA:11580,0
DA:11581,0
DA:11582,0
DA:11583,0
DA:11584,0
DA:11586,1
DA:11587,1
DA:11589,0
DA:11592,0
DA:11593,0
DA:11596,1
DA:11598,2
DA:11599,2
DA:11656,0
DA:11661,0
DA:11662,0
DA:11665,0
DA:11666,0
DA:11668,0
DA:11669,0
DA:11671,0
DA:11672,0
DA:11674,0
DA:11675,0
DA:11678,0
DA:11679,0
DA:11680,0
DA:11681,0
DA:11682,0
DA:11684,0
DA:11685,0
DA:11687,0
DA:11689,0
DA:11690,0
DA:11709,0
DA:11715,0
DA:11716,0
DA:11719,0
DA:11720,0
DA:11722,0
DA:11723,0
DA:11725,0
DA:11726,0
DA:11728,0
DA:11731,0
DA:11732,0
DA:11733,0
DA:11734,0
DA:11735,0
DA:11736,0
DA:11738,0
DA:11739,0
DA:11741,0
DA:11743,0
DA:11745,0
DA:11747,0
DA:11748,0
DA:11752,0
DA:11754,0
DA:11756,0
DA:11759,0
DA:11764,0
DA:11767,0
DA:11769,0
DA:11770,0
DA:11887,1
DA:11901,2
DA:11902,2
DA:11903,2
DA:11904,2
DA:11907,0
DA:11910,0
DA:11912,1
DA:11913,2
DA:11915,1
DA:11917,1
DA:11918,3
DA:11919,2
DA:11920,3
DA:11921,1
DA:11924,1
DA:11926,1
DA:11927,1
DA:11928,3
DA:11931,1
DA:11932,3
DA:11934,1
DA:11935,1
DA:11937,1
DA:11938,3
DA:11940,1
DA:11941,3
DA:11943,0
DA:11944,0
DA:11945,0
DA:11946,0
DA:11947,0
DA:11948,0
DA:11949,0
DA:11950,0
DA:11951,0
DA:11952,0
DA:11953,0
DA:11954,0
DA:11956,1
DA:11957,1
DA:11959,1
DA:11961,1
DA:11962,2
DA:11963,2
DA:11964,2
DA:11965,2
DA:12034,1
DA:12042,2
DA:12043,2
DA:12046,1
DA:12048,1
DA:12049,1
DA:12050,1
DA:12053,2
DA:12056,1
DA:12057,2
DA:12059,1
DA:12060,1
DA:12062,1
DA:12064,1
DA:12065,3
DA:12066,3
DA:12068,1
DA:12070,1
DA:12071,0
DA:12073,1
DA:12074,0
DA:12075,0
DA:12078,1
DA:12079,1
DA:12081,1
DA:12082,2
DA:12094,0
DA:12096,0
DA:12097,0
DA:12100,0
DA:12103,1
DA:12105,1
[...]
DA:266,0
DA:267,0
DA:268,0
DA:270,0
DA:280,0
DA:288,0
DA:290,0
DA:292,0
DA:294,0
DA:296,0
DA:304,0
DA:310,0
DA:311,0
DA:312,0
DA:316,0
DA:319,0
DA:320,0
DA:321,0
DA:325,0
DA:326,0
DA:330,0
DA:333,0
DA:338,0
DA:339,0
DA:340,0
DA:342,0
DA:349,0
DA:350,0
DA:351,0
DA:355,0
DA:356,0
DA:357,0
DA:361,0
DA:362,0
DA:363,0
DA:370,0
DA:373,0
DA:374,0
DA:375,0
DA:379,0
DA:382,0
DA:383,0
DA:384,0
DA:388,0
DA:391,0
DA:392,0
DA:393,0
DA:397,0
DA:400,0
DA:401,0
DA:403,0
DA:404,0
DA:408,0
DA:409,0
DA:411,0
DA:412,0
DA:416,0
DA:417,0
DA:419,0
DA:420,0
DA:424,0
DA:425,0
DA:426,0
DA:430,0
DA:433,0
DA:436,0
DA:437,0
DA:438,0
DA:439,0
DA:441,0
DA:452,0
DA:455,0
DA:456,0
DA:458,0
DA:459,0
DA:463,0
DA:464,0
DA:465,0
DA:469,0
DA:472,0
DA:473,0
DA:476,0
DA:477,0
DA:480,0
DA:481,0
DA:482,0
DA:486,0
DA:489,0
DA:490,0
DA:491,0
DA:495,0
DA:498,0
DA:499,0
DA:501,0
DA:502,0
DA:506,0
DA:511,0
DA:512,0
DA:515,0
DA:516,0
DA:517,0
DA:518,0
DA:519,0
DA:522,0
DA:523,0
DA:524,0
DA:525,0
DA:527,0
DA:532,0
DA:533,0
DA:535,0
DA:541,0
DA:542,0
DA:543,0
DA:547,0
DA:550,0
DA:551,0
DA:552,0
DA:556,0
LF:223
LH:1
end_of_record
SF:/Users/scheglov/Source/Dart/sdk.git/sdk/pkg/analyzer/lib/src/test_utilities/find_element2.dart
DA:15,1
DA:17,1
DA:18,2
DA:20,0
DA:23,0
DA:24,0
DA:25,0
DA:27,0
DA:36,0
DA:39,0
DA:40,0
DA:43,0
DA:44,0
DA:45,0
DA:49,0
DA:52,0
DA:55,0
DA:56,0
DA:57,0
DA:58,0
DA:62,0
DA:71,0
DA:74,0
DA:75,0
DA:76,0
DA:79,0
DA:82,0
DA:83,0
DA:85,0
DA:91,0
DA:92,0
DA:93,0
DA:98,0
DA:103,0
DA:106,0
DA:107,0
DA:108,0
DA:109,0
DA:111,0
DA:119,0
DA:124,0
DA:127,0
DA:128,0
DA:130,0
DA:136,0
DA:137,0
DA:138,0
DA:140,0
DA:141,0
DA:143,0
DA:144,0
DA:146,0
DA:147,0
DA:152,0
DA:157,0
DA:161,0
DA:162,0
DA:163,0
DA:165,0
DA:172,0
DA:173,0
DA:174,0
DA:178,0
DA:179,0
DA:180,0
DA:181,0
DA:182,0
DA:183,0
DA:187,0
DA:188,0
DA:189,0
DA:191,0
DA:192,0
DA:193,0
DA:194,0
DA:196,0
DA:197,0
DA:198,0
DA:199,0
DA:202,0
DA:203,0
DA:204,0
DA:205,0
DA:209,0
DA:210,0
DA:212,0
DA:213,0
DA:221,0
DA:224,0
DA:227,0
DA:228,0
DA:229,0
DA:230,0
DA:231,0
DA:233,0
DA:243,0
DA:246,0
DA:247,0
DA:248,0
DA:251,0
DA:252,0
DA:253,0
DA:254,0
DA:259,0
DA:262,0
DA:265,0
DA:266,0
DA:267,0
DA:268,0
DA:270,0
DA:280,0
DA:288,0
DA:290,0
DA:292,0
DA:294,0
DA:297,0
DA:304,0
DA:308,3
DA:312,0
DA:313,0
DA:314,0
DA:318,0
DA:321,0
DA:322,0
DA:323,0
DA:327,0
DA:328,0
DA:332,0
DA:335,0
DA:340,0
DA:341,0
DA:342,0
DA:344,0
DA:351,0
DA:352,0
DA:353,0
DA:357,0
DA:358,0
DA:359,0
DA:363,0
DA:364,0
DA:365,0
DA:372,0
DA:375,0
DA:376,0
DA:377,0
DA:381,0
DA:384,0
DA:385,0
DA:386,0
DA:390,0
DA:393,0
DA:394,0
DA:395,0
DA:399,0
DA:402,0
DA:403,0
DA:405,0
DA:406,0
DA:410,0
DA:411,0
DA:413,0
DA:414,0
DA:418,0
DA:419,0
DA:421,0
DA:422,0
DA:426,0
DA:427,0
DA:428,0
DA:432,0
DA:435,0
DA:438,0
DA:439,0
DA:440,0
DA:441,0
DA:443,0
DA:454,0
DA:457,0
DA:458,0
DA:460,0
DA:461,0
DA:465,0
DA:466,0
DA:467,0
DA:471,0
DA:474,0
DA:475,0
DA:478,0
DA:479,0
DA:482,1
DA:483,3
DA:484,2
DA:488,0
DA:491,0
DA:492,0
DA:493,0
DA:497,0
DA:500,0
DA:501,0
DA:503,0
DA:504,0
DA:506,0
DA:510,0
DA:511,0
DA:512,0
DA:516,0
DA:519,0
DA:524,0
DA:525,0
DA:528,0
DA:529,0
DA:530,0
DA:531,0
DA:532,0
DA:535,0
DA:536,0
DA:537,0
DA:538,0
DA:540,0
DA:545,0
DA:546,0
DA:548,0
DA:554,0
DA:555,0
DA:556,0
DA:565,0
DA:566,0
DA:567,0
DA:571,0
DA:574,0
DA:575,0
DA:576,0
DA:577,0
DA:581,0
LF:235
LH:7
end_of_record
SF:/Users/scheglov/Source/Dart/sdk.git/sdk/pkg/analyzer/lib/src/test_utilities/find_node.dart
DA:18,1
DA:20,0
DA:21,0
DA:22,0
DA:23,0
DA:24,0
DA:30,0
DA:32,0
DA:34,0
DA:36,0
DA:38,0
DA:40,0
DA:42,0
DA:44,0
DA:46,0
DA:48,0
DA:50,0
DA:52,0
DA:54,0
DA:56,0
DA:58,0
DA:60,0
DA:62,0
DA:63,0
DA:65,0
DA:67,0
DA:69,0
DA:71,0
DA:73,0
DA:75,0
DA:77,0
DA:79,0
DA:81,0
DA:83,0
DA:85,0
DA:87,0
DA:89,0
DA:91,0
DA:92,0
DA:94,0
DA:95,0
DA:97,0
DA:99,0
DA:101,0
DA:102,0
DA:104,0
DA:106,0
DA:108,0
DA:110,0
DA:112,0
DA:114,0
DA:116,0
DA:118,0
DA:120,0
DA:122,0
DA:124,0
DA:126,0
DA:128,0
DA:130,0
DA:132,0
DA:134,0
DA:136,0
DA:138,0
DA:140,0
DA:142,0
DA:144,0
DA:146,0
DA:148,0
DA:150,0
DA:152,0
DA:153,0
DA:155,0
DA:157,0
DA:159,0
DA:161,0
DA:163,0
DA:165,0
DA:166,0
DA:168,0
DA:169,0
DA:171,0
DA:173,0
DA:175,0
DA:177,0
DA:179,0
DA:181,0
DA:183,0
DA:185,0
DA:187,0
DA:189,0
DA:191,0
DA:192,0
DA:194,0
DA:196,0
DA:198,0
DA:199,0
DA:201,0
DA:203,0
DA:205,0
DA:206,0
DA:209,0
DA:210,0
DA:213,0
DA:214,0
DA:217,0
DA:218,0
DA:221,0
DA:222,0
DA:225,0
DA:226,0
DA:229,0
DA:230,0
DA:233,0
DA:234,0
DA:237,0
DA:238,0
DA:241,0
DA:242,0
DA:245,0
DA:246,0
DA:249,0
DA:250,0
DA:251,0
DA:254,0
DA:255,0
DA:256,0
DA:259,0
DA:260,0
DA:263,0
DA:264,0
DA:267,0
DA:268,0
DA:271,0
DA:272,0
DA:275,0
DA:276,0
DA:279,0
DA:280,0
DA:283,0
DA:284,0
DA:287,0
DA:288,0
DA:291,0
DA:292,0
DA:295,0
DA:296,0
DA:299,0
DA:300,0
DA:303,0
DA:304,0
DA:307,0
DA:308,0
DA:311,0
DA:312,0
DA:315,0
DA:316,0
DA:319,0
DA:320,0
DA:323,0
DA:324,0
DA:327,0
DA:328,0
DA:331,0
DA:332,0
DA:335,0
DA:336,0
DA:339,0
DA:340,0
DA:343,0
DA:344,0
DA:347,0
DA:348,0
DA:351,0
DA:352,0
DA:355,0
DA:356,0
DA:359,0
DA:360,0
DA:363,0
DA:364,0
DA:367,0
DA:368,0
DA:371,0
DA:372,0
DA:375,0
DA:376,0
DA:379,0
DA:380,0
DA:383,0
DA:384,0
DA:387,0
DA:388,0
DA:391,0
DA:392,0
DA:395,0
DA:396,0
DA:399,0
DA:400,0
DA:403,0
DA:404,0
DA:407,0
DA:408,0
DA:411,0
DA:412,0
DA:415,0
DA:416,0
DA:419,0
DA:420,0
DA:423,0
DA:424,0
DA:427,0
DA:428,0
DA:431,0
DA:432,0
DA:435,0
DA:436,0
DA:439,0
DA:440,0
DA:443,0
DA:444,0
DA:447,0
DA:450,0
DA:451,0
DA:455,0
DA:456,0
DA:459,0
DA:460,0
DA:463,0
DA:464,0
DA:467,0
DA:468,0
DA:471,0
DA:472,0
DA:475,0
DA:476,0
DA:479,0
DA:480,0
DA:483,0
DA:484,0
DA:487,0
DA:488,0
DA:491,0
DA:492,0
DA:495,0
DA:496,0
DA:499,0
DA:500,0
DA:503,0
DA:504,0
DA:507,0
DA:508,0
DA:511,0
DA:512,0
DA:515,0
DA:516,0
DA:519,0
DA:520,0
DA:523,0
DA:524,0
DA:527,0
DA:528,0
DA:531,0
DA:532,0
DA:535,0
DA:536,0
DA:539,0
DA:540,0
DA:543,0
DA:544,0
DA:547,0
DA:548,0
DA:551,0
DA:552,0
DA:555,0
DA:556,0
DA:559,0
DA:560,0
DA:563,0
DA:564,0
DA:567,0
DA:568,0
DA:571,0
DA:572,0
DA:575,0
DA:576,0
DA:579,0
DA:580,0
DA:583,0
DA:584,0
DA:587,0
DA:588,0
DA:591,0
DA:592,0
DA:595,0
DA:596,0
DA:599,0
DA:600,0
DA:603,0
DA:604,0
DA:607,0
DA:608,0
DA:611,0
DA:612,0
DA:615,0
DA:616,0
DA:619,0
DA:620,0
DA:623,0
DA:624,0
DA:627,0
DA:628,0
DA:631,0
DA:632,0
DA:635,0
DA:636,0
DA:639,0
DA:640,0
DA:643,0
DA:644,0
DA:647,0
DA:648,0
DA:651,0
DA:652,0
DA:657,1
DA:658,2
DA:659,3
DA:660,0
DA:662,1
DA:663,0
DA:668,0
DA:669,0
DA:672,0
DA:673,0
DA:676,0
DA:677,0
DA:680,0
DA:681,0
DA:684,0
DA:685,0
DA:688,0
DA:689,0
DA:692,0
DA:693,0
DA:696,0
DA:697,0
DA:700,0
DA:702,0
DA:705,0
DA:706,0
DA:709,0
DA:710,0
DA:713,0
DA:714,0
DA:717,0
DA:718,0
DA:721,0
DA:722,0
DA:725,0
DA:726,0
DA:729,0
DA:730,0
DA:733,0
DA:735,0
DA:738,0
DA:739,0
DA:742,0
DA:743,0
DA:746,0
DA:747,0
DA:750,0
DA:751,0
DA:754,0
DA:755,0
DA:758,1
DA:759,2
DA:762,0
DA:763,0
DA:766,0
DA:767,0
DA:770,0
DA:771,0
DA:774,0
DA:775,0
DA:778,0
DA:779,0
DA:782,0
DA:783,0
DA:786,0
DA:787,0
DA:790,0
DA:791,0
DA:794,0
DA:795,0
DA:798,0
DA:799,0
DA:802,0
DA:803,0
DA:806,0
DA:807,0
DA:810,0
DA:811,0
DA:814,0
DA:815,0
DA:818,0
DA:819,0
DA:822,0
DA:823,0
DA:826,0
DA:827,0
DA:830,0
DA:831,0
DA:834,0
DA:835,0
DA:838,0
DA:839,0
DA:842,0
DA:843,0
DA:844,0
DA:845,0
DA:846,0
DA:852,0
DA:855,0
DA:856,0
DA:859,0
DA:860,0
DA:863,0
DA:864,0
DA:867,0
DA:868,0
DA:871,0
DA:872,0
DA:875,0
DA:876,0
DA:879,0
DA:880,0
DA:883,0
DA:884,0
DA:887,0
DA:888,0
DA:891,0
DA:892,0
DA:895,0
DA:896,0
DA:899,0
DA:900,0
DA:903,0
DA:904,0
DA:907,0
DA:908,0
DA:911,0
DA:912,0
DA:920,1
DA:922,2
DA:924,3
DA:926,0
DA:927,0
DA:930,1
DA:932,0
DA:933,0
DA:940,0
DA:941,0
DA:942,0
DA:943,0
DA:951,0
DA:953,0
DA:954,0
DA:956,0
LF:467
LH:11
end_of_record
SF:/Users/scheglov/Source/Dart/sdk.git/sdk/pkg/analyzer/lib/src/test_utilities/function_ast_visitor.dart
DA:35,0
DA:60,0
DA:62,0
DA:63,0
DA:66,0
DA:68,0
DA:69,0
DA:72,0
DA:74,0
DA:75,0
DA:77,0
DA:80,0
DA:82,0
DA:83,0
DA:86,0
DA:88,0
DA:89,0
DA:91,0
DA:94,0
DA:96,0
DA:97,0
DA:99,0
DA:102,0
DA:104,0
DA:105,0
DA:107,0
DA:110,0
DA:112,0
DA:113,0
DA:114,0
DA:115,0
DA:117,0
DA:120,0
DA:122,0
DA:123,0
DA:126,0
DA:128,0
DA:129,0
DA:132,0
DA:134,0
DA:135,0
DA:138,0
DA:140,0
DA:141,0
DA:143,0
DA:146,0
DA:148,0
DA:149,0
DA:151,0
DA:154,0
DA:156,0
DA:157,0
DA:160,0
DA:162,0
DA:163,0
DA:166,0
DA:169,0
DA:170,0
DA:173,0
DA:175,0
DA:176,0
DA:178,0
DA:181,0
DA:183,0
DA:184,0
DA:187,0
DA:189,0
DA:190,0
DA:193,0
DA:195,0
DA:196,0
DA:199,0
DA:201,0
DA:202,0
DA:205,0
DA:207,0
DA:208,0
DA:210,0
LF:78
LH:0
end_of_record
SF:/Users/scheglov/Source/Dart/sdk.git/sdk/pkg/analyzer/lib/dart/sdk/build_sdk_summary.dart
DA:23,0
DA:28,0
DA:30,0
DA:35,0
DA:36,0
DA:37,0
DA:38,0
DA:40,0
DA:41,0
DA:43,0
DA:44,0
DA:45,0
DA:46,0
DA:51,0
DA:52,0
DA:53,0
DA:54,0
DA:58,0
DA:59,0
DA:60,0
DA:63,0
DA:65,0
DA:67,0
DA:68,0
DA:70,0
DA:71,0
DA:72,0
DA:73,0
LF:28
LH:0
end_of_record
SF:/Users/scheglov/Source/Dart/sdk.git/sdk/pkg/analyzer/lib/src/test_utilities/mock_sdk.dart
DA:12,4
DA:13,1
DA:83,1
DA:126,4
DA:127,1
DA:137,4
DA:138,1
DA:239,3
DA:241,1
DA:242,1
DA:273,3
DA:275,1
DA:276,1
DA:742,4
DA:743,1
DA:1111,3
DA:1113,1
DA:1114,1
DA:1320,3
DA:1322,1
DA:1323,1
DA:1332,3
DA:1334,1
DA:1335,1
DA:1367,3
DA:1369,1
DA:1370,1
DA:1474,4
DA:1475,1
DA:1502,4
DA:1503,1
DA:1513,4
DA:1514,1
DA:1533,3
DA:1535,1
DA:1536,1
DA:1587,3
DA:1589,1
DA:1590,1
DA:1599,3
DA:1601,1
DA:1602,1
DA:1631,3
DA:1633,1
DA:1634,1
DA:1659,4
DA:1660,1
DA:1663,3
DA:1664,1
DA:1665,1
DA:1666,1
DA:1667,1
DA:1668,1
DA:1669,1
DA:1670,1
DA:1671,1
DA:1672,1
DA:1673,1
DA:1674,1
DA:1675,1
DA:1676,1
DA:1677,1
DA:1678,1
DA:1679,1
DA:1680,1
DA:1681,1
DA:1688,1
DA:1693,1
DA:1694,1
DA:1696,1
DA:1697,3
DA:1698,2
DA:1700,1
DA:1701,1
DA:1705,4
DA:1706,2
DA:1707,2
DA:1708,2
DA:1710,2
DA:1711,2
DA:1712,1
DA:1716,1
DA:1718,1
DA:1719,2
DA:1722,1
DA:1723,1
DA:1724,2
DA:1726,1
DA:1727,1
DA:1732,1
DA:1733,1
DA:1735,1
DA:1745,1
DA:1747,0
DA:1748,0
DA:1750,0
DA:1751,0
DA:1753,0
DA:1754,0
DA:1756,0
DA:1757,0
DA:1759,0
DA:1760,0
DA:1762,0
DA:1763,0
DA:1765,0
DA:1766,0
DA:1768,1
DA:1769,3
DA:1771,0
DA:1772,0
DA:1779,1
LF:112
LH:96
end_of_record
SF:/Users/scheglov/Source/Dart/sdk.git/sdk/pkg/analyzer/lib/src/dart/micro/resolve_file.dart
DA:54,0
DA:60,0
DA:62,0
DA:64,0
DA:65,0
DA:68,0
DA:71,0
DA:72,0
DA:74,0
DA:75,0
DA:77,0
DA:80,0
DA:81,0
DA:86,0
DA:87,0
DA:102,0
DA:107,0
DA:109,0
DA:110,0
DA:123,0
DA:125,0
DA:127,0
DA:128,0
DA:129,0
DA:130,0
DA:137,0
DA:139,0
DA:141,0
DA:142,0
DA:144,0
DA:146,0
DA:148,0
DA:156,0
DA:204,0
DA:206,0
DA:222,0
DA:223,0
DA:228,0
DA:232,0
DA:233,0
DA:237,0
DA:238,0
DA:243,0
DA:245,0
DA:250,0
DA:251,0
DA:252,0
DA:253,0
DA:258,0
DA:260,0
DA:261,0
DA:263,0
DA:265,0
DA:266,0
DA:267,0
DA:268,0
DA:269,0
DA:270,0
DA:271,0
DA:272,0
DA:275,0
DA:276,0
DA:277,0
DA:278,0
DA:279,0
DA:284,0
DA:286,0
DA:287,0
DA:288,0
DA:289,0
DA:290,0
DA:292,0
DA:293,0
DA:295,0
DA:296,0
DA:298,0
DA:304,0
DA:308,0
DA:310,0
DA:312,0
DA:313,0
DA:317,0
DA:318,0
DA:320,0
DA:321,0
DA:322,0
DA:323,0
DA:326,0
DA:328,0
DA:329,0
DA:330,0
DA:331,0
DA:333,0
DA:337,0
DA:339,0
DA:341,0
DA:342,0
DA:343,0
DA:347,0
DA:348,0
DA:349,0
DA:350,0
DA:351,0
DA:352,0
DA:353,0
DA:354,0
DA:355,0
DA:357,0
DA:362,0
DA:366,0
DA:367,0
DA:368,0
DA:374,0
DA:375,0
DA:378,0
DA:379,0
DA:382,0
DA:387,0
DA:388,0
DA:392,0
DA:395,0
DA:399,0
DA:401,0
DA:402,0
DA:405,0
DA:408,0
DA:412,0
DA:414,0
DA:415,0
DA:416,0
DA:419,0
DA:420,0
DA:424,0
DA:427,0
DA:430,0
DA:431,0
DA:433,0
DA:436,0
DA:437,0
DA:459,0
DA:462,0
DA:464,0
DA:466,0
DA:470,0
DA:471,0
DA:474,0
DA:481,0
DA:484,0
DA:490,0
DA:491,0
DA:496,0
DA:497,0
DA:498,0
DA:499,0
DA:507,0
DA:508,0
DA:509,0
DA:510,0
DA:512,0
DA:513,0
DA:516,0
DA:520,0
DA:522,0
DA:524,0
DA:525,0
DA:529,0
DA:531,0
DA:532,0
DA:534,0
DA:535,0
DA:538,0
DA:539,0
DA:540,0
DA:543,0
DA:544,0
DA:545,0
DA:552,0
DA:558,0
DA:560,0
DA:562,0
DA:563,0
DA:567,0
DA:568,0
DA:570,0
DA:571,0
DA:573,0
DA:574,0
DA:580,0
DA:582,0
DA:583,0
DA:584,0
DA:586,0
DA:588,0
DA:589,0
DA:590,0
DA:592,0
DA:593,0
DA:594,0
DA:596,0
DA:600,0
DA:602,0
DA:603,0
DA:611,0
DA:613,0
DA:615,0
DA:616,0
DA:617,0
DA:618,0
DA:619,0
DA:621,0
DA:627,0
DA:631,0
DA:633,0
DA:635,0
DA:640,0
DA:641,0
DA:645,0
DA:646,0
DA:648,0
DA:649,0
DA:655,0
DA:659,0
DA:661,0
DA:663,0
DA:664,0
DA:665,0
DA:667,0
DA:668,0
DA:669,0
DA:671,0
DA:676,0
DA:677,0
DA:681,0
DA:682,0
DA:683,0
DA:684,0
DA:686,0
DA:687,0
DA:689,0
DA:691,0
DA:692,0
DA:693,0
DA:694,0
DA:698,0
DA:704,0
DA:705,0
DA:720,0
DA:723,0
DA:725,0
DA:726,0
DA:730,0
DA:731,0
DA:732,0
DA:733,0
DA:734,0
DA:735,0
DA:737,0
DA:738,0
DA:739,0
DA:740,0
DA:741,0
DA:744,0
DA:745,0
DA:746,0
DA:748,0
DA:749,0
DA:750,0
DA:751,0
DA:752,0
DA:754,0
DA:755,0
DA:756,0
DA:757,0
DA:759,0
DA:760,0
DA:761,0
DA:762,0
DA:763,0
DA:767,0
DA:768,0
DA:769,0
DA:770,0
DA:772,0
DA:775,0
DA:777,0
DA:780,0
DA:781,0
DA:782,0
DA:785,0
DA:786,0
DA:787,0
DA:788,0
DA:789,0
DA:790,0
DA:791,0
DA:794,0
DA:797,0
DA:798,0
DA:810,0
DA:816,0
DA:818,0
DA:819,0
DA:823,0
DA:824,0
DA:825,0
DA:830,0
DA:832,0
DA:833,0
DA:837,0
DA:838,0
DA:840,0
DA:844,0
DA:852,0
DA:853,0
DA:855,0
DA:856,0
DA:864,0
DA:865,0
DA:866,0
DA:869,0
DA:873,0
DA:879,0
DA:881,0
DA:882,0
DA:883,0
DA:884,0
DA:885,0
DA:886,0
DA:887,0
DA:888,0
DA:889,0
DA:890,0
DA:891,0
DA:892,0
DA:894,0
DA:895,0
DA:900,0
DA:901,0
DA:902,0
DA:903,0
DA:904,0
DA:922,0
DA:923,0
DA:931,0
LF:344
LH:0
end_of_record
SF:/Users/scheglov/Source/Dart/sdk.git/sdk/pkg/analyzer/lib/src/clients/build_resolvers/build_resolvers.dart
DA:41,0
DA:49,0
DA:50,0
DA:52,0
DA:53,0
DA:54,0
DA:57,0
DA:58,0
DA:60,0
DA:61,0
DA:63,0
DA:64,0
DA:68,0
DA:73,0
DA:77,0
DA:79,0
DA:87,0
DA:92,0
DA:93,0
DA:97,0
DA:98,0
DA:103,0
DA:104,0
DA:115,0
DA:116,0
DA:120,0
DA:121,0
DA:122,0
LF:28
LH:0
end_of_record
SF:/Users/scheglov/Source/Dart/sdk.git/sdk/pkg/analyzer/lib/src/dart/micro/analysis_context.dart
DA:23,0
DA:30,0
DA:32,0
DA:38,0
DA:47,0
DA:48,0
DA:50,0
DA:62,0
DA:68,0
DA:69,0
DA:78,0
DA:80,0
DA:82,0
DA:84,0
DA:87,0
DA:88,0
DA:109,0
DA:118,0
DA:121,0
DA:122,0
DA:124,0
DA:125,0
DA:142,0
DA:146,0
DA:148,0
DA:150,0
DA:152,0
DA:154,0
DA:155,0
DA:156,0
DA:160,0
DA:162,0
DA:165,0
DA:168,0
DA:170,0
DA:173,0
DA:175,0
DA:178,0
DA:179,0
DA:186,0
DA:188,0
DA:190,0
DA:193,0
DA:195,0
LF:44
LH:0
end_of_record
SF:/Users/scheglov/Source/Dart/sdk.git/sdk/pkg/analyzer/lib/src/dart/micro/utils.dart
DA:16,0
DA:20,0
DA:21,0
DA:23,0
DA:24,0
DA:26,0
DA:32,0
DA:33,0
DA:34,0
DA:35,0
DA:36,0
DA:37,0
DA:39,0
DA:42,0
DA:43,0
DA:44,0
DA:45,0
DA:47,0
DA:57,0
DA:60,0
DA:61,0
DA:62,0
DA:63,0
DA:64,0
DA:65,0
DA:67,0
DA:73,0
DA:86,0
DA:91,0
DA:94,0
DA:97,0
DA:98,0
DA:99,0
DA:100,0
DA:102,0
DA:106,0
DA:110,0
DA:114,0
DA:118,0
DA:119,0
DA:126,0
DA:127,0
DA:130,0
DA:131,0
DA:134,0
DA:135,0
DA:136,0
DA:139,0
DA:140,0
DA:141,0
DA:142,0
DA:152,0
DA:154,0
DA:155,0
DA:156,0
DA:162,0
DA:164,0
DA:165,0
DA:167,0
DA:169,0
DA:170,0
DA:178,0
DA:179,0
DA:180,0
DA:189,0
DA:224,1
DA:226,0
DA:227,0
DA:234,0
DA:236,0
DA:238,0
DA:239,0
DA:241,0
DA:242,0
DA:243,0
DA:244,0
DA:245,0
DA:246,0
DA:247,0
DA:248,0
DA:249,0
DA:250,0
DA:251,0
DA:252,0
DA:253,0
DA:257,0
DA:258,0
DA:259,0
DA:260,0
DA:261,0
DA:262,0
DA:267,0
DA:269,0
DA:270,0
DA:271,0
DA:272,0
DA:273,0
DA:274,0
DA:275,0
DA:276,0
DA:279,0
DA:280,0
DA:284,0
DA:287,0
DA:288,0
DA:292,0
DA:294,0
DA:295,0
DA:296,0
DA:297,0
DA:298,0
DA:300,0
DA:301,0
DA:302,0
DA:305,0
DA:308,0
DA:310,0
DA:311,0
DA:315,0
DA:316,0
DA:318,0
DA:323,0
DA:324,0
DA:325,0
DA:327,0
DA:330,0
DA:331,0
DA:333,0
DA:334,0
DA:335,0
DA:339,0
DA:341,0
DA:342,0
DA:345,0
DA:347,0
DA:348,0
DA:350,0
DA:353,0
DA:356,0
DA:360,0
DA:362,0
DA:363,0
DA:364,0
DA:365,0
DA:366,0
DA:372,0
DA:373,0
DA:376,0
DA:379,0
DA:380,0
DA:381,0
DA:382,0
DA:383,0
DA:384,0
DA:386,0
DA:387,0
DA:392,0
DA:394,0
DA:397,0
DA:398,0
DA:399,0
DA:400,0
DA:401,0
DA:402,0
DA:411,0
DA:415,0
DA:417,0
DA:418,0
DA:419,0
DA:420,0
DA:421,0
DA:422,0
DA:424,0
DA:425,0
LF:174
LH:1
end_of_record
SF:/Users/scheglov/Source/Dart/sdk.git/sdk/pkg/analyzer/lib/src/dart/ast/element_locator.dart
DA:14,0
DA:17,0
DA:18,0
DA:24,0
DA:26,0
DA:29,0
DA:31,0
DA:34,0
DA:36,0
DA:39,0
DA:41,0
DA:44,0
DA:46,0
DA:49,0
DA:51,0
DA:54,0
DA:56,0
DA:59,0
DA:61,0
DA:64,0
DA:66,0
DA:67,0
DA:68,0
DA:69,0
DA:70,0
DA:76,0
DA:78,0
DA:81,0
DA:83,0
DA:86,0
DA:88,0
DA:91,0
DA:93,0
DA:96,0
DA:98,0
DA:101,0
DA:103,0
DA:106,0
DA:108,0
DA:111,0
DA:113,0
DA:116,0
DA:118,0
DA:121,0
DA:123,0
DA:126,0
DA:128,0
DA:131,0
DA:133,0
DA:136,0
DA:138,0
DA:139,0
DA:141,0
DA:142,0
DA:144,0
DA:146,0
DA:148,0
DA:150,0
DA:152,0
DA:153,0
DA:154,0
DA:156,0
DA:157,0
DA:159,0
DA:160,0
DA:161,0
DA:162,0
DA:166,0
DA:169,0
DA:171,0
DA:174,0
DA:176,0
DA:179,0
DA:181,0
DA:184,0
DA:186,0
DA:189,0
DA:191,0
DA:194,0
DA:196,0
DA:199,0
DA:201,0
DA:204,0
DA:206,0
DA:209,0
DA:211,0
DA:214,0
DA:216,0
DA:219,0
DA:221,0
DA:224,0
DA:226,0
DA:227,0
DA:228,0
DA:234,0
DA:236,0
DA:239,0
DA:241,0
DA:244,0
DA:246,0
DA:249,0
DA:252,0
DA:253,0
DA:256,0
DA:258,0
DA:261,0
DA:263,0
DA:264,0
DA:265,0
DA:266,0
DA:267,0
DA:268,0
DA:274,0
DA:276,0
DA:279,0
DA:281,0
LF:116
LH:0
end_of_record
SF:/Users/scheglov/Source/Dart/sdk.git/sdk/pkg/analyzer/lib/src/lint/io.dart
DA:11,0
DA:14,0
DA:17,0
DA:20,0
DA:21,0
DA:24,0
LF:6
LH:0
end_of_record
SF:/Users/scheglov/Source/Dart/sdk.git/sdk/pkg/analyzer/lib/src/lint/util.dart
DA:14,0
DA:18,0
DA:21,0
DA:22,0
DA:24,0
DA:25,0
DA:26,0
DA:29,0
DA:31,0
DA:32,0
DA:35,0
DA:39,0
DA:42,0
DA:46,0
DA:47,0
DA:48,0
DA:53,0
DA:54,0
DA:55,0
DA:62,0
DA:63,0
DA:64,0
DA:68,0
DA:69,0
DA:71,0
DA:73,0
DA:76,0
DA:77,0
DA:86,0
DA:88,0
DA:89,0
DA:91,0
DA:92,0
DA:93,0
DA:94,0
DA:95,0
DA:96,0
DA:101,0
DA:102,0
DA:104,0
DA:106,0
DA:112,0
DA:114,0
DA:116,0
DA:118,0
DA:119,0
DA:120,0
DA:123,0
DA:125,0
DA:126,0
DA:127,0
DA:130,0
DA:131,0
LF:53
LH:0
end_of_record
SF:/Users/scheglov/Source/Dart/sdk.git/sdk/pkg/analyzer/lib/src/dart/resolver/exit_detector.dart
DA:27,0
DA:29,0
DA:31,0
DA:32,0
DA:34,0
DA:37,0
DA:40,0
DA:42,0
DA:43,0
DA:46,0
DA:47,0
DA:48,0
DA:49,0
DA:52,0
DA:55,0
DA:58,0
DA:60,0
DA:62,0
DA:64,0
DA:65,0
DA:66,0
DA:72,0
DA:73,0
DA:74,0
DA:75,0
DA:78,0
DA:82,0
DA:83,0
DA:84,0
DA:85,0
DA:88,0
DA:92,0
DA:93,0
DA:95,0
DA:98,0
DA:99,0
DA:101,0
DA:102,0
DA:104,0
DA:106,0
DA:107,0
DA:108,0
DA:113,0
DA:115,0
DA:117,0
DA:119,0
DA:120,0
DA:121,0
DA:125,0
DA:128,0
DA:131,0
DA:134,0
DA:136,0
DA:140,0
DA:142,0
DA:143,0
DA:144,0
DA:145,0
DA:147,0
DA:149,0
DA:155,0
DA:156,0
DA:160,0
DA:162,0
DA:168,0
DA:169,0
DA:173,0
DA:176,0
DA:178,0
DA:180,0
DA:183,0
DA:185,0
DA:186,0
DA:188,0
DA:189,0
DA:190,0
DA:191,0
DA:194,0
DA:195,0
DA:196,0
DA:200,0
DA:201,0
DA:204,0
DA:207,0
DA:212,0
DA:213,0
DA:215,0
DA:220,0
DA:221,0
DA:226,0
DA:230,0
DA:235,0
DA:237,0
DA:238,0
DA:239,0
DA:241,0
DA:242,0
DA:247,0
DA:254,0
DA:255,0
DA:256,0
DA:257,0
DA:258,0
DA:259,0
DA:260,0
DA:261,0
DA:263,0
DA:266,0
DA:269,0
DA:272,0
DA:275,0
DA:278,0
DA:283,0
DA:285,0
DA:291,0
DA:295,0
DA:299,0
DA:302,0
DA:304,0
DA:307,0
DA:310,0
DA:314,0
DA:317,0
DA:320,0
DA:323,0
DA:325,0
DA:326,0
DA:327,0
DA:328,0
DA:332,0
DA:333,0
DA:334,0
DA:335,0
DA:336,0
DA:339,0
DA:340,0
DA:347,0
DA:349,0
DA:350,0
DA:351,0
DA:352,0
DA:356,0
DA:357,0
DA:358,0
DA:359,0
DA:360,0
DA:363,0
DA:364,0
DA:371,0
DA:373,0
DA:376,0
DA:378,0
DA:379,0
DA:382,0
DA:388,0
DA:390,0
DA:392,0
DA:393,0
DA:395,0
DA:398,0
DA:401,0
DA:403,0
DA:406,0
DA:410,0
DA:412,0
DA:413,0
DA:420,0
DA:423,0
DA:425,0
DA:428,0
DA:430,0
DA:432,0
DA:435,0
DA:439,0
DA:440,0
DA:443,0
DA:446,0
DA:448,0
DA:450,0
DA:453,0
DA:455,0
DA:456,0
DA:459,0
DA:461,0
DA:463,0
DA:466,0
DA:469,0
DA:471,0
DA:472,0
DA:475,0
DA:478,0
DA:481,0
DA:483,0
DA:484,0
DA:491,0
DA:493,0
DA:496,0
DA:499,0
DA:500,0
DA:502,0
DA:504,0
DA:506,0
DA:508,0
DA:509,0
DA:516,0
DA:518,0
DA:519,0
DA:522,0
DA:524,0
DA:527,0
DA:529,0
DA:530,0
DA:534,0
DA:535,0
DA:536,0
DA:537,0
DA:541,0
DA:549,0
DA:559,0
DA:563,0
DA:566,0
DA:569,0
DA:571,0
DA:574,0
DA:577,0
DA:578,0
DA:585,0
DA:586,0
DA:588,0
DA:590,0
DA:592,0
DA:597,0
DA:599,0
DA:601,0
DA:603,0
DA:604,0
DA:605,0
DA:612,0
DA:614,0
DA:615,0
DA:617,0
DA:618,0
DA:621,0
DA:623,0
DA:635,0
DA:641,0
DA:645,0
DA:646,0
DA:650,0
DA:652,0
DA:653,0
DA:659,0
DA:663,0
DA:666,0
DA:667,0
DA:668,0
DA:675,0
DA:676,0
DA:677,0
DA:684,0
DA:686,0
DA:687,0
DA:695,0
DA:696,0
DA:699,0
DA:700,0
DA:701,0
DA:702,0
DA:703,0
LF:269
LH:0
end_of_record
